{"/mnt/d/Cursos (importante)/FullCycle/Desafios-FullCycle/FullCycle_DDD_Desafio1/dist/entity/customer.js": {"path":"/mnt/d/Cursos (importante)/FullCycle/Desafios-FullCycle/FullCycle_DDD_Desafio1/dist/entity/customer.js","all":false,"statementMap":{"0":{"start":{"line":1,"column":0},"end":{"line":1,"column":13}},"1":{"start":{"line":2,"column":0},"end":{"line":2,"column":62}},"2":{"start":{"line":3,"column":0},"end":{"line":3,"column":16}},"3":{"start":{"line":4,"column":0},"end":{"line":4,"column":43}},"4":{"start":{"line":5,"column":0},"end":{"line":5,"column":29}},"5":{"start":{"line":6,"column":0},"end":{"line":6,"column":22}},"6":{"start":{"line":7,"column":0},"end":{"line":7,"column":26}},"7":{"start":{"line":8,"column":0},"end":{"line":8,"column":24}},"8":{"start":{"line":9,"column":0},"end":{"line":9,"column":5}},"9":{"start":{"line":10,"column":0},"end":{"line":10,"column":37}},"10":{"start":{"line":11,"column":0},"end":{"line":11,"column":16}},"11":{"start":{"line":12,"column":0},"end":{"line":12,"column":38}},"12":{"start":{"line":13,"column":0},"end":{"line":13,"column":48}},"13":{"start":{"line":14,"column":0},"end":{"line":14,"column":9}},"14":{"start":{"line":15,"column":0},"end":{"line":15,"column":36}},"15":{"start":{"line":16,"column":0},"end":{"line":16,"column":46}},"16":{"start":{"line":17,"column":0},"end":{"line":17,"column":9}},"17":{"start":{"line":18,"column":0},"end":{"line":18,"column":5}},"18":{"start":{"line":19,"column":0},"end":{"line":19,"column":26}},"19":{"start":{"line":20,"column":0},"end":{"line":20,"column":32}},"20":{"start":{"line":21,"column":0},"end":{"line":21,"column":5}},"21":{"start":{"line":22,"column":0},"end":{"line":22,"column":22}},"22":{"start":{"line":23,"column":0},"end":{"line":23,"column":26}},"23":{"start":{"line":24,"column":0},"end":{"line":24,"column":24}},"24":{"start":{"line":25,"column":0},"end":{"line":25,"column":5}},"25":{"start":{"line":26,"column":0},"end":{"line":26,"column":16}},"26":{"start":{"line":27,"column":0},"end":{"line":27,"column":28}},"27":{"start":{"line":28,"column":0},"end":{"line":28,"column":5}},"28":{"start":{"line":29,"column":0},"end":{"line":29,"column":18}},"29":{"start":{"line":30,"column":0},"end":{"line":30,"column":29}},"30":{"start":{"line":31,"column":0},"end":{"line":31,"column":5}},"31":{"start":{"line":32,"column":0},"end":{"line":32,"column":1}},"32":{"start":{"line":33,"column":0},"end":{"line":33,"column":27}}},"s":{"0":1,"1":1,"2":1,"3":1,"4":2,"5":2,"6":2,"7":2,"8":2,"9":1,"10":1,"11":3,"12":0,"13":0,"14":3,"15":1,"16":1,"17":3,"18":1,"19":0,"20":0,"21":1,"22":1,"23":1,"24":1,"25":1,"26":0,"27":0,"28":1,"29":0,"30":0,"31":1,"32":1},"branchMap":{"0":{"type":"branch","line":10,"loc":{"start":{"line":10,"column":4},"end":{"line":10,"column":37}},"locations":[{"start":{"line":10,"column":4},"end":{"line":10,"column":37}}]},"1":{"type":"branch","line":11,"loc":{"start":{"line":11,"column":4},"end":{"line":18,"column":5}},"locations":[{"start":{"line":11,"column":4},"end":{"line":18,"column":5}}]},"2":{"type":"branch","line":12,"loc":{"start":{"line":12,"column":37},"end":{"line":14,"column":9}},"locations":[{"start":{"line":12,"column":37},"end":{"line":14,"column":9}}]},"3":{"type":"branch","line":15,"loc":{"start":{"line":15,"column":35},"end":{"line":17,"column":9}},"locations":[{"start":{"line":15,"column":35},"end":{"line":17,"column":9}}]},"4":{"type":"branch","line":22,"loc":{"start":{"line":22,"column":4},"end":{"line":25,"column":5}},"locations":[{"start":{"line":22,"column":4},"end":{"line":25,"column":5}}]},"5":{"type":"branch","line":4,"loc":{"start":{"line":4,"column":4},"end":{"line":9,"column":5}},"locations":[{"start":{"line":4,"column":4},"end":{"line":9,"column":5}}]}},"b":{"0":[1],"1":[3],"2":[0],"3":[1],"4":[1],"5":[2]},"fnMap":{"0":{"name":"get name","decl":{"start":{"line":10,"column":4},"end":{"line":10,"column":37}},"loc":{"start":{"line":10,"column":4},"end":{"line":10,"column":37}},"line":10},"1":{"name":"validate","decl":{"start":{"line":11,"column":4},"end":{"line":18,"column":5}},"loc":{"start":{"line":11,"column":4},"end":{"line":18,"column":5}},"line":11},"2":{"name":"set Address","decl":{"start":{"line":19,"column":4},"end":{"line":21,"column":5}},"loc":{"start":{"line":19,"column":4},"end":{"line":21,"column":5}},"line":19},"3":{"name":"changeName","decl":{"start":{"line":22,"column":4},"end":{"line":25,"column":5}},"loc":{"start":{"line":22,"column":4},"end":{"line":25,"column":5}},"line":22},"4":{"name":"activate","decl":{"start":{"line":26,"column":4},"end":{"line":28,"column":5}},"loc":{"start":{"line":26,"column":4},"end":{"line":28,"column":5}},"line":26},"5":{"name":"deactivate","decl":{"start":{"line":29,"column":4},"end":{"line":31,"column":5}},"loc":{"start":{"line":29,"column":4},"end":{"line":31,"column":5}},"line":29},"6":{"name":"Customer","decl":{"start":{"line":4,"column":4},"end":{"line":9,"column":5}},"loc":{"start":{"line":4,"column":4},"end":{"line":9,"column":5}},"line":4}},"f":{"0":1,"1":3,"2":0,"3":1,"4":0,"5":0,"6":2}}
,"/mnt/d/Cursos (importante)/FullCycle/Desafios-FullCycle/FullCycle_DDD_Desafio1/src/domain/entity/address.ts": {"path":"/mnt/d/Cursos (importante)/FullCycle/Desafios-FullCycle/FullCycle_DDD_Desafio1/src/domain/entity/address.ts","all":false,"statementMap":{"0":{"start":{"line":1,"column":0},"end":{"line":1,"column":22}},"1":{"start":{"line":2,"column":0},"end":{"line":2,"column":0}},"2":{"start":{"line":3,"column":0},"end":{"line":3,"column":20}},"3":{"start":{"line":4,"column":0},"end":{"line":4,"column":18}},"4":{"start":{"line":5,"column":0},"end":{"line":5,"column":17}},"5":{"start":{"line":6,"column":0},"end":{"line":6,"column":24}},"6":{"start":{"line":7,"column":0},"end":{"line":7,"column":0}},"7":{"start":{"line":8,"column":0},"end":{"line":8,"column":49}},"8":{"start":{"line":9,"column":0},"end":{"line":9,"column":45}},"9":{"start":{"line":10,"column":0},"end":{"line":10,"column":43}},"10":{"start":{"line":11,"column":0},"end":{"line":11,"column":49}},"11":{"start":{"line":12,"column":0},"end":{"line":12,"column":0}},"12":{"start":{"line":13,"column":0},"end":{"line":13,"column":76}},"13":{"start":{"line":14,"column":0},"end":{"line":14,"column":30}},"14":{"start":{"line":15,"column":0},"end":{"line":15,"column":26}},"15":{"start":{"line":16,"column":0},"end":{"line":16,"column":24}},"16":{"start":{"line":17,"column":0},"end":{"line":17,"column":30}},"17":{"start":{"line":18,"column":0},"end":{"line":18,"column":0}},"18":{"start":{"line":19,"column":0},"end":{"line":19,"column":24}},"19":{"start":{"line":20,"column":0},"end":{"line":20,"column":5}},"20":{"start":{"line":21,"column":0},"end":{"line":21,"column":0}},"21":{"start":{"line":22,"column":0},"end":{"line":22,"column":16}},"22":{"start":{"line":23,"column":0},"end":{"line":23,"column":40}},"23":{"start":{"line":24,"column":0},"end":{"line":24,"column":50}},"24":{"start":{"line":25,"column":0},"end":{"line":25,"column":9}},"25":{"start":{"line":26,"column":0},"end":{"line":26,"column":33}},"26":{"start":{"line":27,"column":0},"end":{"line":27,"column":50}},"27":{"start":{"line":28,"column":0},"end":{"line":28,"column":9}},"28":{"start":{"line":29,"column":0},"end":{"line":29,"column":37}},"29":{"start":{"line":30,"column":0},"end":{"line":30,"column":47}},"30":{"start":{"line":31,"column":0},"end":{"line":31,"column":9}},"31":{"start":{"line":32,"column":0},"end":{"line":32,"column":38}},"32":{"start":{"line":33,"column":0},"end":{"line":33,"column":48}},"33":{"start":{"line":34,"column":0},"end":{"line":34,"column":9}},"34":{"start":{"line":35,"column":0},"end":{"line":35,"column":5}},"35":{"start":{"line":36,"column":0},"end":{"line":36,"column":0}},"36":{"start":{"line":37,"column":0},"end":{"line":37,"column":16}},"37":{"start":{"line":38,"column":0},"end":{"line":38,"column":76}},"38":{"start":{"line":39,"column":0},"end":{"line":39,"column":5}},"39":{"start":{"line":40,"column":0},"end":{"line":40,"column":0}},"40":{"start":{"line":41,"column":0},"end":{"line":41,"column":1}}},"s":{"0":1,"1":1,"2":1,"3":1,"4":1,"5":1,"6":1,"7":1,"8":1,"9":1,"10":1,"11":1,"12":1,"13":13,"14":13,"15":13,"16":13,"17":13,"18":13,"19":13,"20":1,"21":1,"22":13,"23":0,"24":0,"25":13,"26":0,"27":0,"28":13,"29":0,"30":0,"31":13,"32":0,"33":0,"34":13,"35":1,"36":1,"37":0,"38":0,"39":1,"40":1},"branchMap":{"0":{"type":"branch","line":8,"loc":{"start":{"line":8,"column":4},"end":{"line":8,"column":49}},"locations":[{"start":{"line":8,"column":4},"end":{"line":8,"column":49}}]},"1":{"type":"branch","line":9,"loc":{"start":{"line":9,"column":4},"end":{"line":9,"column":45}},"locations":[{"start":{"line":9,"column":4},"end":{"line":9,"column":45}}]},"2":{"type":"branch","line":10,"loc":{"start":{"line":10,"column":4},"end":{"line":10,"column":43}},"locations":[{"start":{"line":10,"column":4},"end":{"line":10,"column":43}}]},"3":{"type":"branch","line":11,"loc":{"start":{"line":11,"column":4},"end":{"line":11,"column":49}},"locations":[{"start":{"line":11,"column":4},"end":{"line":11,"column":49}}]},"4":{"type":"branch","line":22,"loc":{"start":{"line":22,"column":4},"end":{"line":35,"column":5}},"locations":[{"start":{"line":22,"column":4},"end":{"line":35,"column":5}}]},"5":{"type":"branch","line":23,"loc":{"start":{"line":23,"column":39},"end":{"line":25,"column":9}},"locations":[{"start":{"line":23,"column":39},"end":{"line":25,"column":9}}]},"6":{"type":"branch","line":26,"loc":{"start":{"line":26,"column":32},"end":{"line":28,"column":9}},"locations":[{"start":{"line":26,"column":32},"end":{"line":28,"column":9}}]},"7":{"type":"branch","line":29,"loc":{"start":{"line":29,"column":36},"end":{"line":31,"column":9}},"locations":[{"start":{"line":29,"column":36},"end":{"line":31,"column":9}}]},"8":{"type":"branch","line":32,"loc":{"start":{"line":32,"column":37},"end":{"line":34,"column":9}},"locations":[{"start":{"line":32,"column":37},"end":{"line":34,"column":9}}]},"9":{"type":"branch","line":13,"loc":{"start":{"line":13,"column":4},"end":{"line":20,"column":5}},"locations":[{"start":{"line":13,"column":4},"end":{"line":20,"column":5}}]}},"b":{"0":[16],"1":[16],"2":[16],"3":[16],"4":[13],"5":[0],"6":[0],"7":[0],"8":[0],"9":[13]},"fnMap":{"0":{"name":"get street","decl":{"start":{"line":8,"column":4},"end":{"line":8,"column":49}},"loc":{"start":{"line":8,"column":4},"end":{"line":8,"column":49}},"line":8},"1":{"name":"get city","decl":{"start":{"line":9,"column":4},"end":{"line":9,"column":45}},"loc":{"start":{"line":9,"column":4},"end":{"line":9,"column":45}},"line":9},"2":{"name":"get zip","decl":{"start":{"line":10,"column":4},"end":{"line":10,"column":43}},"loc":{"start":{"line":10,"column":4},"end":{"line":10,"column":43}},"line":10},"3":{"name":"get number","decl":{"start":{"line":11,"column":4},"end":{"line":11,"column":49}},"loc":{"start":{"line":11,"column":4},"end":{"line":11,"column":49}},"line":11},"4":{"name":"validate","decl":{"start":{"line":22,"column":4},"end":{"line":35,"column":5}},"loc":{"start":{"line":22,"column":4},"end":{"line":35,"column":5}},"line":22},"5":{"name":"toString","decl":{"start":{"line":37,"column":4},"end":{"line":39,"column":5}},"loc":{"start":{"line":37,"column":4},"end":{"line":39,"column":5}},"line":37},"6":{"name":"Address","decl":{"start":{"line":13,"column":4},"end":{"line":20,"column":5}},"loc":{"start":{"line":13,"column":4},"end":{"line":20,"column":5}},"line":13}},"f":{"0":16,"1":16,"2":16,"3":16,"4":13,"5":0,"6":13}}
,"/mnt/d/Cursos (importante)/FullCycle/Desafios-FullCycle/FullCycle_DDD_Desafio1/src/domain/entity/customer.ts": {"path":"/mnt/d/Cursos (importante)/FullCycle/Desafios-FullCycle/FullCycle_DDD_Desafio1/src/domain/entity/customer.ts","all":false,"statementMap":{"0":{"start":{"line":1,"column":0},"end":{"line":1,"column":36}},"1":{"start":{"line":2,"column":0},"end":{"line":2,"column":0}},"2":{"start":{"line":3,"column":0},"end":{"line":3,"column":31}},"3":{"start":{"line":4,"column":0},"end":{"line":4,"column":0}},"4":{"start":{"line":5,"column":0},"end":{"line":5,"column":24}},"5":{"start":{"line":6,"column":0},"end":{"line":6,"column":26}},"6":{"start":{"line":7,"column":0},"end":{"line":7,"column":42}},"7":{"start":{"line":8,"column":0},"end":{"line":8,"column":37}},"8":{"start":{"line":9,"column":0},"end":{"line":9,"column":38}},"9":{"start":{"line":10,"column":0},"end":{"line":10,"column":0}},"10":{"start":{"line":11,"column":0},"end":{"line":11,"column":0}},"11":{"start":{"line":12,"column":0},"end":{"line":12,"column":41}},"12":{"start":{"line":13,"column":0},"end":{"line":13,"column":45}},"13":{"start":{"line":14,"column":0},"end":{"line":14,"column":64}},"14":{"start":{"line":15,"column":0},"end":{"line":15,"column":50}},"15":{"start":{"line":16,"column":0},"end":{"line":16,"column":61}},"16":{"start":{"line":17,"column":0},"end":{"line":17,"column":0}},"17":{"start":{"line":18,"column":0},"end":{"line":18,"column":68}},"18":{"start":{"line":19,"column":0},"end":{"line":19,"column":22}},"19":{"start":{"line":20,"column":0},"end":{"line":20,"column":26}},"20":{"start":{"line":21,"column":0},"end":{"line":21,"column":0}},"21":{"start":{"line":22,"column":0},"end":{"line":22,"column":24}},"22":{"start":{"line":23,"column":0},"end":{"line":23,"column":5}},"23":{"start":{"line":24,"column":0},"end":{"line":24,"column":0}},"24":{"start":{"line":25,"column":0},"end":{"line":25,"column":16}},"25":{"start":{"line":26,"column":0},"end":{"line":26,"column":38}},"26":{"start":{"line":27,"column":0},"end":{"line":27,"column":48}},"27":{"start":{"line":28,"column":0},"end":{"line":28,"column":9}},"28":{"start":{"line":29,"column":0},"end":{"line":29,"column":36}},"29":{"start":{"line":30,"column":0},"end":{"line":30,"column":46}},"30":{"start":{"line":31,"column":0},"end":{"line":31,"column":9}},"31":{"start":{"line":32,"column":0},"end":{"line":32,"column":67}},"32":{"start":{"line":33,"column":0},"end":{"line":33,"column":75}},"33":{"start":{"line":34,"column":0},"end":{"line":34,"column":9}},"34":{"start":{"line":35,"column":0},"end":{"line":35,"column":5}},"35":{"start":{"line":36,"column":0},"end":{"line":36,"column":0}},"36":{"start":{"line":37,"column":0},"end":{"line":37,"column":41}},"37":{"start":{"line":38,"column":0},"end":{"line":38,"column":32}},"38":{"start":{"line":39,"column":0},"end":{"line":39,"column":24}},"39":{"start":{"line":40,"column":0},"end":{"line":40,"column":5}},"40":{"start":{"line":41,"column":0},"end":{"line":41,"column":0}},"41":{"start":{"line":42,"column":0},"end":{"line":42,"column":30}},"42":{"start":{"line":43,"column":0},"end":{"line":43,"column":26}},"43":{"start":{"line":44,"column":0},"end":{"line":44,"column":24}},"44":{"start":{"line":45,"column":0},"end":{"line":45,"column":5}},"45":{"start":{"line":46,"column":0},"end":{"line":46,"column":0}},"46":{"start":{"line":47,"column":0},"end":{"line":47,"column":48}},"47":{"start":{"line":48,"column":0},"end":{"line":48,"column":0}},"48":{"start":{"line":49,"column":0},"end":{"line":49,"column":16}},"49":{"start":{"line":50,"column":0},"end":{"line":50,"column":28}},"50":{"start":{"line":51,"column":0},"end":{"line":51,"column":24}},"51":{"start":{"line":52,"column":0},"end":{"line":52,"column":5}},"52":{"start":{"line":53,"column":0},"end":{"line":53,"column":0}},"53":{"start":{"line":54,"column":0},"end":{"line":54,"column":37}},"54":{"start":{"line":55,"column":0},"end":{"line":55,"column":37}},"55":{"start":{"line":56,"column":0},"end":{"line":56,"column":5}},"56":{"start":{"line":57,"column":0},"end":{"line":57,"column":0}},"57":{"start":{"line":58,"column":0},"end":{"line":58,"column":18}},"58":{"start":{"line":59,"column":0},"end":{"line":59,"column":29}},"59":{"start":{"line":60,"column":0},"end":{"line":60,"column":24}},"60":{"start":{"line":61,"column":0},"end":{"line":61,"column":5}},"61":{"start":{"line":62,"column":0},"end":{"line":62,"column":0}},"62":{"start":{"line":63,"column":0},"end":{"line":63,"column":1}}},"s":{"0":1,"1":1,"2":1,"3":1,"4":1,"5":1,"6":1,"7":1,"8":1,"9":1,"10":1,"11":1,"12":1,"13":1,"14":1,"15":1,"16":1,"17":1,"18":13,"19":13,"20":13,"21":13,"22":13,"23":1,"24":1,"25":27,"26":0,"27":0,"28":27,"29":0,"30":0,"31":27,"32":0,"33":0,"34":27,"35":1,"36":1,"37":13,"38":13,"39":13,"40":1,"41":1,"42":1,"43":1,"44":1,"45":1,"46":1,"47":1,"48":1,"49":3,"50":3,"51":3,"52":1,"53":1,"54":3,"55":3,"56":1,"57":1,"58":1,"59":1,"60":1,"61":1,"62":1},"branchMap":{"0":{"type":"branch","line":12,"loc":{"start":{"line":12,"column":4},"end":{"line":12,"column":41}},"locations":[{"start":{"line":12,"column":4},"end":{"line":12,"column":41}}]},"1":{"type":"branch","line":13,"loc":{"start":{"line":13,"column":4},"end":{"line":13,"column":45}},"locations":[{"start":{"line":13,"column":4},"end":{"line":13,"column":45}}]},"2":{"type":"branch","line":14,"loc":{"start":{"line":14,"column":4},"end":{"line":14,"column":64}},"locations":[{"start":{"line":14,"column":4},"end":{"line":14,"column":64}}]},"3":{"type":"branch","line":15,"loc":{"start":{"line":15,"column":4},"end":{"line":15,"column":50}},"locations":[{"start":{"line":15,"column":4},"end":{"line":15,"column":50}}]},"4":{"type":"branch","line":16,"loc":{"start":{"line":16,"column":4},"end":{"line":16,"column":61}},"locations":[{"start":{"line":16,"column":4},"end":{"line":16,"column":61}}]},"5":{"type":"branch","line":25,"loc":{"start":{"line":25,"column":4},"end":{"line":35,"column":5}},"locations":[{"start":{"line":25,"column":4},"end":{"line":35,"column":5}}]},"6":{"type":"branch","line":26,"loc":{"start":{"line":26,"column":37},"end":{"line":28,"column":9}},"locations":[{"start":{"line":26,"column":37},"end":{"line":28,"column":9}}]},"7":{"type":"branch","line":29,"loc":{"start":{"line":29,"column":35},"end":{"line":31,"column":9}},"locations":[{"start":{"line":29,"column":35},"end":{"line":31,"column":9}}]},"8":{"type":"branch","line":32,"loc":{"start":{"line":32,"column":29},"end":{"line":32,"column":66}},"locations":[{"start":{"line":32,"column":29},"end":{"line":32,"column":66}}]},"9":{"type":"branch","line":32,"loc":{"start":{"line":32,"column":66},"end":{"line":34,"column":9}},"locations":[{"start":{"line":32,"column":66},"end":{"line":34,"column":9}}]},"10":{"type":"branch","line":37,"loc":{"start":{"line":37,"column":4},"end":{"line":40,"column":5}},"locations":[{"start":{"line":37,"column":4},"end":{"line":40,"column":5}}]},"11":{"type":"branch","line":42,"loc":{"start":{"line":42,"column":4},"end":{"line":45,"column":5}},"locations":[{"start":{"line":42,"column":4},"end":{"line":45,"column":5}}]},"12":{"type":"branch","line":47,"loc":{"start":{"line":47,"column":4},"end":{"line":47,"column":48}},"locations":[{"start":{"line":47,"column":4},"end":{"line":47,"column":48}}]},"13":{"type":"branch","line":49,"loc":{"start":{"line":49,"column":4},"end":{"line":52,"column":5}},"locations":[{"start":{"line":49,"column":4},"end":{"line":52,"column":5}}]},"14":{"type":"branch","line":54,"loc":{"start":{"line":54,"column":4},"end":{"line":56,"column":5}},"locations":[{"start":{"line":54,"column":4},"end":{"line":56,"column":5}}]},"15":{"type":"branch","line":58,"loc":{"start":{"line":58,"column":4},"end":{"line":61,"column":5}},"locations":[{"start":{"line":58,"column":4},"end":{"line":61,"column":5}}]},"16":{"type":"branch","line":18,"loc":{"start":{"line":18,"column":4},"end":{"line":23,"column":5}},"locations":[{"start":{"line":18,"column":4},"end":{"line":23,"column":5}}]}},"b":{"0":[22],"1":[16],"2":[48],"3":[12],"4":[16],"5":[27],"6":[0],"7":[0],"8":[0],"9":[0],"10":[13],"11":[1],"12":[4],"13":[3],"14":[3],"15":[1],"16":[13]},"fnMap":{"0":{"name":"get id","decl":{"start":{"line":12,"column":4},"end":{"line":12,"column":41}},"loc":{"start":{"line":12,"column":4},"end":{"line":12,"column":41}},"line":12},"1":{"name":"get name","decl":{"start":{"line":13,"column":4},"end":{"line":13,"column":45}},"loc":{"start":{"line":13,"column":4},"end":{"line":13,"column":45}},"line":13},"2":{"name":"get address","decl":{"start":{"line":14,"column":4},"end":{"line":14,"column":64}},"loc":{"start":{"line":14,"column":4},"end":{"line":14,"column":64}},"line":14},"3":{"name":"get active","decl":{"start":{"line":15,"column":4},"end":{"line":15,"column":50}},"loc":{"start":{"line":15,"column":4},"end":{"line":15,"column":50}},"line":15},"4":{"name":"get rewardPoints","decl":{"start":{"line":16,"column":4},"end":{"line":16,"column":61}},"loc":{"start":{"line":16,"column":4},"end":{"line":16,"column":61}},"line":16},"5":{"name":"validate","decl":{"start":{"line":25,"column":4},"end":{"line":35,"column":5}},"loc":{"start":{"line":25,"column":4},"end":{"line":35,"column":5}},"line":25},"6":{"name":"set changeAddress","decl":{"start":{"line":37,"column":4},"end":{"line":40,"column":5}},"loc":{"start":{"line":37,"column":4},"end":{"line":40,"column":5}},"line":37},"7":{"name":"changeName","decl":{"start":{"line":42,"column":4},"end":{"line":45,"column":5}},"loc":{"start":{"line":42,"column":4},"end":{"line":45,"column":5}},"line":42},"8":{"name":"isActive","decl":{"start":{"line":47,"column":4},"end":{"line":47,"column":48}},"loc":{"start":{"line":47,"column":4},"end":{"line":47,"column":48}},"line":47},"9":{"name":"activate","decl":{"start":{"line":49,"column":4},"end":{"line":52,"column":5}},"loc":{"start":{"line":49,"column":4},"end":{"line":52,"column":5}},"line":49},"10":{"name":"addRewardPoints","decl":{"start":{"line":54,"column":4},"end":{"line":56,"column":5}},"loc":{"start":{"line":54,"column":4},"end":{"line":56,"column":5}},"line":54},"11":{"name":"deactivate","decl":{"start":{"line":58,"column":4},"end":{"line":61,"column":5}},"loc":{"start":{"line":58,"column":4},"end":{"line":61,"column":5}},"line":58},"12":{"name":"Customer","decl":{"start":{"line":18,"column":4},"end":{"line":23,"column":5}},"loc":{"start":{"line":18,"column":4},"end":{"line":23,"column":5}},"line":18}},"f":{"0":22,"1":16,"2":48,"3":12,"4":16,"5":27,"6":13,"7":1,"8":4,"9":3,"10":3,"11":1,"12":13}}
,"/mnt/d/Cursos (importante)/FullCycle/Desafios-FullCycle/FullCycle_DDD_Desafio1/src/domain/entity/order.ts": {"path":"/mnt/d/Cursos (importante)/FullCycle/Desafios-FullCycle/FullCycle_DDD_Desafio1/src/domain/entity/order.ts","all":false,"statementMap":{"0":{"start":{"line":1,"column":0},"end":{"line":1,"column":37}},"1":{"start":{"line":2,"column":0},"end":{"line":2,"column":0}},"2":{"start":{"line":3,"column":0},"end":{"line":3,"column":20}},"3":{"start":{"line":4,"column":0},"end":{"line":4,"column":0}},"4":{"start":{"line":5,"column":0},"end":{"line":5,"column":24}},"5":{"start":{"line":6,"column":0},"end":{"line":6,"column":32}},"6":{"start":{"line":7,"column":0},"end":{"line":7,"column":37}},"7":{"start":{"line":8,"column":0},"end":{"line":8,"column":0}},"8":{"start":{"line":9,"column":0},"end":{"line":9,"column":41}},"9":{"start":{"line":10,"column":0},"end":{"line":10,"column":57}},"10":{"start":{"line":11,"column":0},"end":{"line":11,"column":52}},"11":{"start":{"line":12,"column":0},"end":{"line":12,"column":25}},"12":{"start":{"line":13,"column":0},"end":{"line":13,"column":75}},"13":{"start":{"line":14,"column":0},"end":{"line":14,"column":5}},"14":{"start":{"line":15,"column":0},"end":{"line":15,"column":0}},"15":{"start":{"line":16,"column":0},"end":{"line":16,"column":69}},"16":{"start":{"line":17,"column":0},"end":{"line":17,"column":22}},"17":{"start":{"line":18,"column":0},"end":{"line":18,"column":38}},"18":{"start":{"line":19,"column":0},"end":{"line":19,"column":28}},"19":{"start":{"line":20,"column":0},"end":{"line":20,"column":0}},"20":{"start":{"line":21,"column":0},"end":{"line":21,"column":24}},"21":{"start":{"line":22,"column":0},"end":{"line":22,"column":5}},"22":{"start":{"line":23,"column":0},"end":{"line":23,"column":0}},"23":{"start":{"line":24,"column":0},"end":{"line":24,"column":16}},"24":{"start":{"line":25,"column":0},"end":{"line":25,"column":36}},"25":{"start":{"line":26,"column":0},"end":{"line":26,"column":46}},"26":{"start":{"line":27,"column":0},"end":{"line":27,"column":9}},"27":{"start":{"line":28,"column":0},"end":{"line":28,"column":44}},"28":{"start":{"line":29,"column":0},"end":{"line":29,"column":54}},"29":{"start":{"line":30,"column":0},"end":{"line":30,"column":9}},"30":{"start":{"line":31,"column":0},"end":{"line":31,"column":39}},"31":{"start":{"line":32,"column":0},"end":{"line":32,"column":49}},"32":{"start":{"line":33,"column":0},"end":{"line":33,"column":9}},"33":{"start":{"line":34,"column":0},"end":{"line":34,"column":0}},"34":{"start":{"line":35,"column":0},"end":{"line":35,"column":59}},"35":{"start":{"line":36,"column":0},"end":{"line":36,"column":63}},"36":{"start":{"line":37,"column":0},"end":{"line":37,"column":9}},"37":{"start":{"line":38,"column":0},"end":{"line":38,"column":5}},"38":{"start":{"line":39,"column":0},"end":{"line":39,"column":0}},"39":{"start":{"line":40,"column":0},"end":{"line":40,"column":1}}},"s":{"0":1,"1":1,"2":1,"3":1,"4":1,"5":1,"6":1,"7":1,"8":1,"9":1,"10":1,"11":1,"12":11,"13":11,"14":1,"15":1,"16":14,"17":14,"18":14,"19":14,"20":14,"21":14,"22":1,"23":1,"24":14,"25":1,"26":1,"27":14,"28":1,"29":1,"30":14,"31":1,"32":1,"33":11,"34":14,"35":0,"36":0,"37":14,"38":1,"39":1},"branchMap":{"0":{"type":"branch","line":9,"loc":{"start":{"line":9,"column":4},"end":{"line":9,"column":41}},"locations":[{"start":{"line":9,"column":4},"end":{"line":9,"column":41}}]},"1":{"type":"branch","line":10,"loc":{"start":{"line":10,"column":4},"end":{"line":10,"column":57}},"locations":[{"start":{"line":10,"column":4},"end":{"line":10,"column":57}}]},"2":{"type":"branch","line":11,"loc":{"start":{"line":11,"column":4},"end":{"line":11,"column":52}},"locations":[{"start":{"line":11,"column":4},"end":{"line":11,"column":52}}]},"3":{"type":"branch","line":12,"loc":{"start":{"line":12,"column":4},"end":{"line":14,"column":5}},"locations":[{"start":{"line":12,"column":4},"end":{"line":14,"column":5}}]},"4":{"type":"branch","line":13,"loc":{"start":{"line":13,"column":34},"end":{"line":13,"column":70}},"locations":[{"start":{"line":13,"column":34},"end":{"line":13,"column":70}}]},"5":{"type":"branch","line":24,"loc":{"start":{"line":24,"column":4},"end":{"line":38,"column":5}},"locations":[{"start":{"line":24,"column":4},"end":{"line":38,"column":5}}]},"6":{"type":"branch","line":25,"loc":{"start":{"line":25,"column":35},"end":{"line":27,"column":9}},"locations":[{"start":{"line":25,"column":35},"end":{"line":27,"column":9}}]},"7":{"type":"branch","line":27,"loc":{"start":{"line":27,"column":8},"end":{"line":28,"column":43}},"locations":[{"start":{"line":27,"column":8},"end":{"line":28,"column":43}}]},"8":{"type":"branch","line":28,"loc":{"start":{"line":28,"column":43},"end":{"line":30,"column":9}},"locations":[{"start":{"line":28,"column":43},"end":{"line":30,"column":9}}]},"9":{"type":"branch","line":30,"loc":{"start":{"line":30,"column":8},"end":{"line":31,"column":38}},"locations":[{"start":{"line":30,"column":8},"end":{"line":31,"column":38}}]},"10":{"type":"branch","line":31,"loc":{"start":{"line":31,"column":38},"end":{"line":35,"column":58}},"locations":[{"start":{"line":31,"column":38},"end":{"line":35,"column":58}}]},"11":{"type":"branch","line":31,"loc":{"start":{"line":31,"column":38},"end":{"line":33,"column":9}},"locations":[{"start":{"line":31,"column":38},"end":{"line":33,"column":9}}]},"12":{"type":"branch","line":35,"loc":{"start":{"line":35,"column":58},"end":{"line":37,"column":9}},"locations":[{"start":{"line":35,"column":58},"end":{"line":37,"column":9}}]},"13":{"type":"branch","line":35,"loc":{"start":{"line":35,"column":29},"end":{"line":35,"column":58}},"locations":[{"start":{"line":35,"column":29},"end":{"line":35,"column":58}}]},"14":{"type":"branch","line":16,"loc":{"start":{"line":16,"column":4},"end":{"line":22,"column":5}},"locations":[{"start":{"line":16,"column":4},"end":{"line":22,"column":5}}]}},"b":{"0":[20],"1":[10],"2":[26],"3":[11],"4":[12],"5":[14],"6":[1],"7":[13],"8":[1],"9":[12],"10":[11],"11":[1],"12":[0],"13":[12],"14":[14]},"fnMap":{"0":{"name":"get id","decl":{"start":{"line":9,"column":4},"end":{"line":9,"column":41}},"loc":{"start":{"line":9,"column":4},"end":{"line":9,"column":41}},"line":9},"1":{"name":"get customerId","decl":{"start":{"line":10,"column":4},"end":{"line":10,"column":57}},"loc":{"start":{"line":10,"column":4},"end":{"line":10,"column":57}},"line":10},"2":{"name":"get items","decl":{"start":{"line":11,"column":4},"end":{"line":11,"column":52}},"loc":{"start":{"line":11,"column":4},"end":{"line":11,"column":52}},"line":11},"3":{"name":"get total","decl":{"start":{"line":12,"column":4},"end":{"line":14,"column":5}},"loc":{"start":{"line":12,"column":4},"end":{"line":14,"column":5}},"line":12},"4":{"name":"validate","decl":{"start":{"line":24,"column":4},"end":{"line":38,"column":5}},"loc":{"start":{"line":24,"column":4},"end":{"line":38,"column":5}},"line":24},"5":{"name":"Order","decl":{"start":{"line":16,"column":4},"end":{"line":22,"column":5}},"loc":{"start":{"line":16,"column":4},"end":{"line":22,"column":5}},"line":16}},"f":{"0":20,"1":10,"2":26,"3":11,"4":14,"5":14}}
,"/mnt/d/Cursos (importante)/FullCycle/Desafios-FullCycle/FullCycle_DDD_Desafio1/src/domain/entity/order_item.ts": {"path":"/mnt/d/Cursos (importante)/FullCycle/Desafios-FullCycle/FullCycle_DDD_Desafio1/src/domain/entity/order_item.ts","all":false,"statementMap":{"0":{"start":{"line":1,"column":0},"end":{"line":1,"column":32}},"1":{"start":{"line":2,"column":0},"end":{"line":2,"column":0}},"2":{"start":{"line":3,"column":0},"end":{"line":3,"column":24}},"3":{"start":{"line":4,"column":0},"end":{"line":4,"column":31}},"4":{"start":{"line":5,"column":0},"end":{"line":5,"column":0}},"5":{"start":{"line":6,"column":0},"end":{"line":6,"column":26}},"6":{"start":{"line":7,"column":0},"end":{"line":7,"column":27}},"7":{"start":{"line":8,"column":0},"end":{"line":8,"column":30}},"8":{"start":{"line":9,"column":0},"end":{"line":9,"column":0}},"9":{"start":{"line":10,"column":0},"end":{"line":10,"column":95}},"10":{"start":{"line":11,"column":0},"end":{"line":11,"column":22}},"11":{"start":{"line":12,"column":0},"end":{"line":12,"column":26}},"12":{"start":{"line":13,"column":0},"end":{"line":13,"column":28}},"13":{"start":{"line":14,"column":0},"end":{"line":14,"column":36}},"14":{"start":{"line":15,"column":0},"end":{"line":15,"column":34}},"15":{"start":{"line":16,"column":0},"end":{"line":16,"column":0}},"16":{"start":{"line":17,"column":0},"end":{"line":17,"column":24}},"17":{"start":{"line":18,"column":0},"end":{"line":18,"column":5}},"18":{"start":{"line":19,"column":0},"end":{"line":19,"column":0}},"19":{"start":{"line":20,"column":0},"end":{"line":20,"column":41}},"20":{"start":{"line":21,"column":0},"end":{"line":21,"column":55}},"21":{"start":{"line":22,"column":0},"end":{"line":22,"column":45}},"22":{"start":{"line":23,"column":0},"end":{"line":23,"column":47}},"23":{"start":{"line":24,"column":0},"end":{"line":24,"column":69}},"24":{"start":{"line":25,"column":0},"end":{"line":25,"column":53}},"25":{"start":{"line":26,"column":0},"end":{"line":26,"column":0}},"26":{"start":{"line":27,"column":0},"end":{"line":27,"column":35}},"27":{"start":{"line":28,"column":0},"end":{"line":28,"column":31}},"28":{"start":{"line":29,"column":0},"end":{"line":29,"column":24}},"29":{"start":{"line":30,"column":0},"end":{"line":30,"column":5}},"30":{"start":{"line":31,"column":0},"end":{"line":31,"column":0}},"31":{"start":{"line":32,"column":0},"end":{"line":32,"column":16}},"32":{"start":{"line":33,"column":0},"end":{"line":33,"column":36}},"33":{"start":{"line":34,"column":0},"end":{"line":34,"column":46}},"34":{"start":{"line":35,"column":0},"end":{"line":35,"column":9}},"35":{"start":{"line":36,"column":0},"end":{"line":36,"column":38}},"36":{"start":{"line":37,"column":0},"end":{"line":37,"column":48}},"37":{"start":{"line":38,"column":0},"end":{"line":38,"column":9}},"38":{"start":{"line":39,"column":0},"end":{"line":39,"column":30}},"39":{"start":{"line":40,"column":0},"end":{"line":40,"column":63}},"40":{"start":{"line":41,"column":0},"end":{"line":41,"column":9}},"41":{"start":{"line":42,"column":0},"end":{"line":42,"column":34}},"42":{"start":{"line":43,"column":0},"end":{"line":43,"column":63}},"43":{"start":{"line":44,"column":0},"end":{"line":44,"column":9}},"44":{"start":{"line":45,"column":0},"end":{"line":45,"column":5}},"45":{"start":{"line":46,"column":0},"end":{"line":46,"column":0}},"46":{"start":{"line":47,"column":0},"end":{"line":47,"column":1}}},"s":{"0":1,"1":1,"2":1,"3":1,"4":1,"5":1,"6":1,"7":1,"8":1,"9":1,"10":13,"11":13,"12":13,"13":13,"14":13,"15":13,"16":13,"17":13,"18":1,"19":1,"20":1,"21":1,"22":1,"23":1,"24":1,"25":1,"26":1,"27":1,"28":1,"29":1,"30":1,"31":1,"32":14,"33":0,"34":0,"35":14,"36":0,"37":0,"38":14,"39":0,"40":0,"41":14,"42":1,"43":1,"44":14,"45":1,"46":1},"branchMap":{"0":{"type":"branch","line":20,"loc":{"start":{"line":20,"column":4},"end":{"line":20,"column":41}},"locations":[{"start":{"line":20,"column":4},"end":{"line":20,"column":41}}]},"1":{"type":"branch","line":21,"loc":{"start":{"line":21,"column":4},"end":{"line":21,"column":55}},"locations":[{"start":{"line":21,"column":4},"end":{"line":21,"column":55}}]},"2":{"type":"branch","line":22,"loc":{"start":{"line":22,"column":4},"end":{"line":22,"column":45}},"locations":[{"start":{"line":22,"column":4},"end":{"line":22,"column":45}}]},"3":{"type":"branch","line":23,"loc":{"start":{"line":23,"column":4},"end":{"line":23,"column":47}},"locations":[{"start":{"line":23,"column":4},"end":{"line":23,"column":47}}]},"4":{"type":"branch","line":24,"loc":{"start":{"line":24,"column":4},"end":{"line":24,"column":69}},"locations":[{"start":{"line":24,"column":4},"end":{"line":24,"column":69}}]},"5":{"type":"branch","line":25,"loc":{"start":{"line":25,"column":4},"end":{"line":25,"column":53}},"locations":[{"start":{"line":25,"column":4},"end":{"line":25,"column":53}}]},"6":{"type":"branch","line":27,"loc":{"start":{"line":27,"column":4},"end":{"line":30,"column":5}},"locations":[{"start":{"line":27,"column":4},"end":{"line":30,"column":5}}]},"7":{"type":"branch","line":32,"loc":{"start":{"line":32,"column":4},"end":{"line":45,"column":5}},"locations":[{"start":{"line":32,"column":4},"end":{"line":45,"column":5}}]},"8":{"type":"branch","line":33,"loc":{"start":{"line":33,"column":35},"end":{"line":35,"column":9}},"locations":[{"start":{"line":33,"column":35},"end":{"line":35,"column":9}}]},"9":{"type":"branch","line":36,"loc":{"start":{"line":36,"column":37},"end":{"line":38,"column":9}},"locations":[{"start":{"line":36,"column":37},"end":{"line":38,"column":9}}]},"10":{"type":"branch","line":39,"loc":{"start":{"line":39,"column":29},"end":{"line":41,"column":9}},"locations":[{"start":{"line":39,"column":29},"end":{"line":41,"column":9}}]},"11":{"type":"branch","line":42,"loc":{"start":{"line":42,"column":33},"end":{"line":44,"column":9}},"locations":[{"start":{"line":42,"column":33},"end":{"line":44,"column":9}}]},"12":{"type":"branch","line":10,"loc":{"start":{"line":10,"column":4},"end":{"line":18,"column":5}},"locations":[{"start":{"line":10,"column":4},"end":{"line":18,"column":5}}]}},"b":{"0":[10],"1":[10],"2":[10],"3":[10],"4":[22],"5":[22],"6":[1],"7":[14],"8":[0],"9":[0],"10":[0],"11":[1],"12":[13]},"fnMap":{"0":{"name":"get id","decl":{"start":{"line":20,"column":4},"end":{"line":20,"column":41}},"loc":{"start":{"line":20,"column":4},"end":{"line":20,"column":41}},"line":20},"1":{"name":"get productId","decl":{"start":{"line":21,"column":4},"end":{"line":21,"column":55}},"loc":{"start":{"line":21,"column":4},"end":{"line":21,"column":55}},"line":21},"2":{"name":"get name","decl":{"start":{"line":22,"column":4},"end":{"line":22,"column":45}},"loc":{"start":{"line":22,"column":4},"end":{"line":22,"column":45}},"line":22},"3":{"name":"get price","decl":{"start":{"line":23,"column":4},"end":{"line":23,"column":47}},"loc":{"start":{"line":23,"column":4},"end":{"line":23,"column":47}},"line":23},"4":{"name":"get totalOrder","decl":{"start":{"line":24,"column":4},"end":{"line":24,"column":69}},"loc":{"start":{"line":24,"column":4},"end":{"line":24,"column":69}},"line":24},"5":{"name":"get quantity","decl":{"start":{"line":25,"column":4},"end":{"line":25,"column":53}},"loc":{"start":{"line":25,"column":4},"end":{"line":25,"column":53}},"line":25},"6":{"name":"changeQuantity","decl":{"start":{"line":27,"column":4},"end":{"line":30,"column":5}},"loc":{"start":{"line":27,"column":4},"end":{"line":30,"column":5}},"line":27},"7":{"name":"validate","decl":{"start":{"line":32,"column":4},"end":{"line":45,"column":5}},"loc":{"start":{"line":32,"column":4},"end":{"line":45,"column":5}},"line":32},"8":{"name":"OrderItem","decl":{"start":{"line":10,"column":4},"end":{"line":18,"column":5}},"loc":{"start":{"line":10,"column":4},"end":{"line":18,"column":5}},"line":10}},"f":{"0":10,"1":10,"2":10,"3":10,"4":22,"5":22,"6":1,"7":14,"8":13}}
,"/mnt/d/Cursos (importante)/FullCycle/Desafios-FullCycle/FullCycle_DDD_Desafio1/src/domain/entity/product.ts": {"path":"/mnt/d/Cursos (importante)/FullCycle/Desafios-FullCycle/FullCycle_DDD_Desafio1/src/domain/entity/product.ts","all":false,"statementMap":{"0":{"start":{"line":1,"column":0},"end":{"line":1,"column":30}},"1":{"start":{"line":2,"column":0},"end":{"line":2,"column":24}},"2":{"start":{"line":3,"column":0},"end":{"line":3,"column":26}},"3":{"start":{"line":4,"column":0},"end":{"line":4,"column":27}},"4":{"start":{"line":5,"column":0},"end":{"line":5,"column":0}},"5":{"start":{"line":6,"column":0},"end":{"line":6,"column":58}},"6":{"start":{"line":7,"column":0},"end":{"line":7,"column":22}},"7":{"start":{"line":8,"column":0},"end":{"line":8,"column":26}},"8":{"start":{"line":9,"column":0},"end":{"line":9,"column":28}},"9":{"start":{"line":10,"column":0},"end":{"line":10,"column":0}},"10":{"start":{"line":11,"column":0},"end":{"line":11,"column":24}},"11":{"start":{"line":12,"column":0},"end":{"line":12,"column":5}},"12":{"start":{"line":13,"column":0},"end":{"line":13,"column":0}},"13":{"start":{"line":14,"column":0},"end":{"line":14,"column":41}},"14":{"start":{"line":15,"column":0},"end":{"line":15,"column":45}},"15":{"start":{"line":16,"column":0},"end":{"line":16,"column":47}},"16":{"start":{"line":17,"column":0},"end":{"line":17,"column":0}},"17":{"start":{"line":18,"column":0},"end":{"line":18,"column":31}},"18":{"start":{"line":19,"column":0},"end":{"line":19,"column":27}},"19":{"start":{"line":20,"column":0},"end":{"line":20,"column":24}},"20":{"start":{"line":21,"column":0},"end":{"line":21,"column":5}},"21":{"start":{"line":22,"column":0},"end":{"line":22,"column":0}},"22":{"start":{"line":23,"column":0},"end":{"line":23,"column":32}},"23":{"start":{"line":24,"column":0},"end":{"line":24,"column":28}},"24":{"start":{"line":25,"column":0},"end":{"line":25,"column":24}},"25":{"start":{"line":26,"column":0},"end":{"line":26,"column":5}},"26":{"start":{"line":27,"column":0},"end":{"line":27,"column":0}},"27":{"start":{"line":28,"column":0},"end":{"line":28,"column":16}},"28":{"start":{"line":29,"column":0},"end":{"line":29,"column":36}},"29":{"start":{"line":30,"column":0},"end":{"line":30,"column":46}},"30":{"start":{"line":31,"column":0},"end":{"line":31,"column":9}},"31":{"start":{"line":32,"column":0},"end":{"line":32,"column":38}},"32":{"start":{"line":33,"column":0},"end":{"line":33,"column":48}},"33":{"start":{"line":34,"column":0},"end":{"line":34,"column":9}},"34":{"start":{"line":35,"column":0},"end":{"line":35,"column":30}},"35":{"start":{"line":36,"column":0},"end":{"line":36,"column":63}},"36":{"start":{"line":37,"column":0},"end":{"line":37,"column":9}},"37":{"start":{"line":38,"column":0},"end":{"line":38,"column":5}},"38":{"start":{"line":39,"column":0},"end":{"line":39,"column":1}}},"s":{"0":1,"1":1,"2":1,"3":1,"4":1,"5":1,"6":13,"7":13,"8":13,"9":13,"10":13,"11":13,"12":1,"13":1,"14":1,"15":1,"16":1,"17":1,"18":2,"19":2,"20":2,"21":1,"22":1,"23":2,"24":2,"25":2,"26":1,"27":1,"28":15,"29":0,"30":0,"31":15,"32":0,"33":0,"34":15,"35":0,"36":0,"37":15,"38":1},"branchMap":{"0":{"type":"branch","line":14,"loc":{"start":{"line":14,"column":4},"end":{"line":14,"column":41}},"locations":[{"start":{"line":14,"column":4},"end":{"line":14,"column":41}}]},"1":{"type":"branch","line":15,"loc":{"start":{"line":15,"column":4},"end":{"line":15,"column":45}},"locations":[{"start":{"line":15,"column":4},"end":{"line":15,"column":45}}]},"2":{"type":"branch","line":16,"loc":{"start":{"line":16,"column":4},"end":{"line":16,"column":47}},"locations":[{"start":{"line":16,"column":4},"end":{"line":16,"column":47}}]},"3":{"type":"branch","line":18,"loc":{"start":{"line":18,"column":4},"end":{"line":21,"column":5}},"locations":[{"start":{"line":18,"column":4},"end":{"line":21,"column":5}}]},"4":{"type":"branch","line":23,"loc":{"start":{"line":23,"column":4},"end":{"line":26,"column":5}},"locations":[{"start":{"line":23,"column":4},"end":{"line":26,"column":5}}]},"5":{"type":"branch","line":28,"loc":{"start":{"line":28,"column":4},"end":{"line":38,"column":5}},"locations":[{"start":{"line":28,"column":4},"end":{"line":38,"column":5}}]},"6":{"type":"branch","line":29,"loc":{"start":{"line":29,"column":35},"end":{"line":31,"column":9}},"locations":[{"start":{"line":29,"column":35},"end":{"line":31,"column":9}}]},"7":{"type":"branch","line":32,"loc":{"start":{"line":32,"column":37},"end":{"line":34,"column":9}},"locations":[{"start":{"line":32,"column":37},"end":{"line":34,"column":9}}]},"8":{"type":"branch","line":35,"loc":{"start":{"line":35,"column":29},"end":{"line":37,"column":9}},"locations":[{"start":{"line":35,"column":29},"end":{"line":37,"column":9}}]},"9":{"type":"branch","line":6,"loc":{"start":{"line":6,"column":4},"end":{"line":12,"column":5}},"locations":[{"start":{"line":6,"column":4},"end":{"line":12,"column":5}}]}},"b":{"0":[18],"1":[12],"2":[18],"3":[2],"4":[2],"5":[15],"6":[0],"7":[0],"8":[0],"9":[13]},"fnMap":{"0":{"name":"get id","decl":{"start":{"line":14,"column":4},"end":{"line":14,"column":41}},"loc":{"start":{"line":14,"column":4},"end":{"line":14,"column":41}},"line":14},"1":{"name":"get name","decl":{"start":{"line":15,"column":4},"end":{"line":15,"column":45}},"loc":{"start":{"line":15,"column":4},"end":{"line":15,"column":45}},"line":15},"2":{"name":"get price","decl":{"start":{"line":16,"column":4},"end":{"line":16,"column":47}},"loc":{"start":{"line":16,"column":4},"end":{"line":16,"column":47}},"line":16},"3":{"name":"changeName","decl":{"start":{"line":18,"column":4},"end":{"line":21,"column":5}},"loc":{"start":{"line":18,"column":4},"end":{"line":21,"column":5}},"line":18},"4":{"name":"changePrice","decl":{"start":{"line":23,"column":4},"end":{"line":26,"column":5}},"loc":{"start":{"line":23,"column":4},"end":{"line":26,"column":5}},"line":23},"5":{"name":"validate","decl":{"start":{"line":28,"column":4},"end":{"line":38,"column":5}},"loc":{"start":{"line":28,"column":4},"end":{"line":38,"column":5}},"line":28},"6":{"name":"Product","decl":{"start":{"line":6,"column":4},"end":{"line":12,"column":5}},"loc":{"start":{"line":6,"column":4},"end":{"line":12,"column":5}},"line":6}},"f":{"0":18,"1":12,"2":18,"3":2,"4":2,"5":15,"6":13}}
,"/mnt/d/Cursos (importante)/FullCycle/Desafios-FullCycle/FullCycle_DDD_Desafio1/src/domain/event/event-dispatcher.ts": {"path":"/mnt/d/Cursos (importante)/FullCycle/Desafios-FullCycle/FullCycle_DDD_Desafio1/src/domain/event/event-dispatcher.ts","all":false,"statementMap":{"0":{"start":{"line":1,"column":0},"end":{"line":1,"column":68}},"1":{"start":{"line":2,"column":0},"end":{"line":2,"column":62}},"2":{"start":{"line":3,"column":0},"end":{"line":3,"column":47}},"3":{"start":{"line":4,"column":0},"end":{"line":4,"column":0}},"4":{"start":{"line":5,"column":0},"end":{"line":5,"column":74}},"5":{"start":{"line":6,"column":0},"end":{"line":6,"column":0}},"6":{"start":{"line":7,"column":0},"end":{"line":7,"column":81}},"7":{"start":{"line":8,"column":0},"end":{"line":8,"column":0}},"8":{"start":{"line":9,"column":0},"end":{"line":9,"column":78}},"9":{"start":{"line":10,"column":0},"end":{"line":10,"column":34}},"10":{"start":{"line":11,"column":0},"end":{"line":11,"column":5}},"11":{"start":{"line":12,"column":0},"end":{"line":12,"column":0}},"12":{"start":{"line":13,"column":0},"end":{"line":13,"column":41}},"13":{"start":{"line":14,"column":0},"end":{"line":14,"column":49}},"14":{"start":{"line":15,"column":0},"end":{"line":15,"column":44}},"15":{"start":{"line":16,"column":0},"end":{"line":16,"column":69}},"16":{"start":{"line":17,"column":0},"end":{"line":17,"column":43}},"17":{"start":{"line":18,"column":0},"end":{"line":18,"column":15}},"18":{"start":{"line":19,"column":0},"end":{"line":19,"column":9}},"19":{"start":{"line":20,"column":0},"end":{"line":20,"column":5}},"20":{"start":{"line":21,"column":0},"end":{"line":21,"column":0}},"21":{"start":{"line":22,"column":0},"end":{"line":22,"column":92}},"22":{"start":{"line":23,"column":0},"end":{"line":23,"column":45}},"23":{"start":{"line":24,"column":0},"end":{"line":24,"column":47}},"24":{"start":{"line":25,"column":0},"end":{"line":25,"column":9}},"25":{"start":{"line":26,"column":0},"end":{"line":26,"column":57}},"26":{"start":{"line":27,"column":0},"end":{"line":27,"column":5}},"27":{"start":{"line":28,"column":0},"end":{"line":28,"column":0}},"28":{"start":{"line":29,"column":0},"end":{"line":29,"column":94}},"29":{"start":{"line":30,"column":0},"end":{"line":30,"column":44}},"30":{"start":{"line":31,"column":0},"end":{"line":31,"column":78}},"31":{"start":{"line":32,"column":0},"end":{"line":32,"column":31}},"32":{"start":{"line":33,"column":0},"end":{"line":33,"column":63}},"33":{"start":{"line":34,"column":0},"end":{"line":34,"column":13}},"34":{"start":{"line":35,"column":0},"end":{"line":35,"column":9}},"35":{"start":{"line":36,"column":0},"end":{"line":36,"column":5}},"36":{"start":{"line":37,"column":0},"end":{"line":37,"column":0}},"37":{"start":{"line":38,"column":0},"end":{"line":38,"column":27}},"38":{"start":{"line":39,"column":0},"end":{"line":39,"column":32}},"39":{"start":{"line":40,"column":0},"end":{"line":40,"column":5}},"40":{"start":{"line":41,"column":0},"end":{"line":41,"column":0}},"41":{"start":{"line":42,"column":0},"end":{"line":42,"column":1}}},"s":{"0":1,"1":1,"2":1,"3":1,"4":1,"5":1,"6":1,"7":1,"8":1,"9":12,"10":12,"11":1,"12":1,"13":4,"14":4,"15":4,"16":6,"17":6,"18":4,"19":4,"20":1,"21":1,"22":7,"23":6,"24":6,"25":7,"26":7,"27":1,"28":1,"29":1,"30":1,"31":1,"32":1,"33":1,"34":1,"35":1,"36":1,"37":1,"38":1,"39":1,"40":1,"41":1},"branchMap":{"0":{"type":"branch","line":9,"loc":{"start":{"line":9,"column":4},"end":{"line":11,"column":5}},"locations":[{"start":{"line":9,"column":4},"end":{"line":11,"column":5}}]},"1":{"type":"branch","line":13,"loc":{"start":{"line":13,"column":4},"end":{"line":20,"column":5}},"locations":[{"start":{"line":13,"column":4},"end":{"line":20,"column":5}}]},"2":{"type":"branch","line":16,"loc":{"start":{"line":16,"column":50},"end":{"line":18,"column":15}},"locations":[{"start":{"line":16,"column":50},"end":{"line":18,"column":15}}]},"3":{"type":"branch","line":22,"loc":{"start":{"line":22,"column":4},"end":{"line":27,"column":5}},"locations":[{"start":{"line":22,"column":4},"end":{"line":27,"column":5}}]},"4":{"type":"branch","line":23,"loc":{"start":{"line":23,"column":44},"end":{"line":25,"column":9}},"locations":[{"start":{"line":23,"column":44},"end":{"line":25,"column":9}}]},"5":{"type":"branch","line":29,"loc":{"start":{"line":29,"column":4},"end":{"line":36,"column":5}},"locations":[{"start":{"line":29,"column":4},"end":{"line":36,"column":5}}]},"6":{"type":"branch","line":38,"loc":{"start":{"line":38,"column":4},"end":{"line":40,"column":5}},"locations":[{"start":{"line":38,"column":4},"end":{"line":40,"column":5}}]}},"b":{"0":[12],"1":[4],"2":[6],"3":[7],"4":[6],"5":[1],"6":[1]},"fnMap":{"0":{"name":"get getEventHandlers","decl":{"start":{"line":9,"column":4},"end":{"line":11,"column":5}},"loc":{"start":{"line":9,"column":4},"end":{"line":11,"column":5}},"line":9},"1":{"name":"notify","decl":{"start":{"line":13,"column":4},"end":{"line":20,"column":5}},"loc":{"start":{"line":13,"column":4},"end":{"line":20,"column":5}},"line":13},"2":{"name":"register","decl":{"start":{"line":22,"column":4},"end":{"line":27,"column":5}},"loc":{"start":{"line":22,"column":4},"end":{"line":27,"column":5}},"line":22},"3":{"name":"unregister","decl":{"start":{"line":29,"column":4},"end":{"line":36,"column":5}},"loc":{"start":{"line":29,"column":4},"end":{"line":36,"column":5}},"line":29},"4":{"name":"unregisterAll","decl":{"start":{"line":38,"column":4},"end":{"line":40,"column":5}},"loc":{"start":{"line":38,"column":4},"end":{"line":40,"column":5}},"line":38}},"f":{"0":12,"1":4,"2":7,"3":1,"4":1}}
,"/mnt/d/Cursos (importante)/FullCycle/Desafios-FullCycle/FullCycle_DDD_Desafio1/src/domain/event/customer/address-changed.event.ts": {"path":"/mnt/d/Cursos (importante)/FullCycle/Desafios-FullCycle/FullCycle_DDD_Desafio1/src/domain/event/customer/address-changed.event.ts","all":false,"statementMap":{"0":{"start":{"line":1,"column":0},"end":{"line":1,"column":48}},"1":{"start":{"line":2,"column":0},"end":{"line":2,"column":0}},"2":{"start":{"line":3,"column":0},"end":{"line":3,"column":68}},"3":{"start":{"line":4,"column":0},"end":{"line":4,"column":27}},"4":{"start":{"line":5,"column":0},"end":{"line":5,"column":19}},"5":{"start":{"line":6,"column":0},"end":{"line":6,"column":0}},"6":{"start":{"line":7,"column":0},"end":{"line":7,"column":33}},"7":{"start":{"line":8,"column":0},"end":{"line":8,"column":43}},"8":{"start":{"line":9,"column":0},"end":{"line":9,"column":35}},"9":{"start":{"line":10,"column":0},"end":{"line":10,"column":5}},"10":{"start":{"line":11,"column":0},"end":{"line":11,"column":1}}},"s":{"0":1,"1":1,"2":1,"3":1,"4":1,"5":1,"6":1,"7":1,"8":1,"9":1,"10":1},"branchMap":{"0":{"type":"branch","line":7,"loc":{"start":{"line":7,"column":4},"end":{"line":10,"column":5}},"locations":[{"start":{"line":7,"column":4},"end":{"line":10,"column":5}}]}},"b":{"0":[1]},"fnMap":{"0":{"name":"AddressChangedEvent","decl":{"start":{"line":7,"column":4},"end":{"line":10,"column":5}},"loc":{"start":{"line":7,"column":4},"end":{"line":10,"column":5}},"line":7}},"f":{"0":1}}
,"/mnt/d/Cursos (importante)/FullCycle/Desafios-FullCycle/FullCycle_DDD_Desafio1/src/domain/event/customer/customer-created.event.ts": {"path":"/mnt/d/Cursos (importante)/FullCycle/Desafios-FullCycle/FullCycle_DDD_Desafio1/src/domain/event/customer/customer-created.event.ts","all":false,"statementMap":{"0":{"start":{"line":1,"column":0},"end":{"line":1,"column":48}},"1":{"start":{"line":2,"column":0},"end":{"line":2,"column":0}},"2":{"start":{"line":3,"column":0},"end":{"line":3,"column":69}},"3":{"start":{"line":4,"column":0},"end":{"line":4,"column":27}},"4":{"start":{"line":5,"column":0},"end":{"line":5,"column":19}},"5":{"start":{"line":6,"column":0},"end":{"line":6,"column":0}},"6":{"start":{"line":7,"column":0},"end":{"line":7,"column":0}},"7":{"start":{"line":8,"column":0},"end":{"line":8,"column":33}},"8":{"start":{"line":9,"column":0},"end":{"line":9,"column":43}},"9":{"start":{"line":10,"column":0},"end":{"line":10,"column":35}},"10":{"start":{"line":11,"column":0},"end":{"line":11,"column":5}},"11":{"start":{"line":12,"column":0},"end":{"line":12,"column":1}}},"s":{"0":1,"1":1,"2":1,"3":1,"4":1,"5":1,"6":1,"7":1,"8":2,"9":2,"10":2,"11":1},"branchMap":{"0":{"type":"branch","line":8,"loc":{"start":{"line":8,"column":4},"end":{"line":11,"column":5}},"locations":[{"start":{"line":8,"column":4},"end":{"line":11,"column":5}}]}},"b":{"0":[2]},"fnMap":{"0":{"name":"CustomerCreatedEvent","decl":{"start":{"line":8,"column":4},"end":{"line":11,"column":5}},"loc":{"start":{"line":8,"column":4},"end":{"line":11,"column":5}},"line":8}},"f":{"0":2}}
,"/mnt/d/Cursos (importante)/FullCycle/Desafios-FullCycle/FullCycle_DDD_Desafio1/src/domain/event/customer/handler/envia-console-log-1-created.handler.ts": {"path":"/mnt/d/Cursos (importante)/FullCycle/Desafios-FullCycle/FullCycle_DDD_Desafio1/src/domain/event/customer/handler/envia-console-log-1-created.handler.ts","all":false,"statementMap":{"0":{"start":{"line":1,"column":0},"end":{"line":1,"column":0}},"1":{"start":{"line":2,"column":0},"end":{"line":2,"column":66}},"2":{"start":{"line":3,"column":0},"end":{"line":3,"column":51}},"3":{"start":{"line":4,"column":0},"end":{"line":4,"column":61}},"4":{"start":{"line":5,"column":0},"end":{"line":5,"column":0}},"5":{"start":{"line":6,"column":0},"end":{"line":6,"column":107}},"6":{"start":{"line":7,"column":0},"end":{"line":7,"column":47}},"7":{"start":{"line":8,"column":0},"end":{"line":8,"column":80}},"8":{"start":{"line":9,"column":0},"end":{"line":9,"column":5}},"9":{"start":{"line":10,"column":0},"end":{"line":10,"column":0}},"10":{"start":{"line":11,"column":0},"end":{"line":11,"column":1}}},"s":{"0":1,"1":1,"2":1,"3":1,"4":1,"5":1,"6":1,"7":2,"8":2,"9":1,"10":1},"branchMap":{"0":{"type":"branch","line":7,"loc":{"start":{"line":7,"column":4},"end":{"line":9,"column":5}},"locations":[{"start":{"line":7,"column":4},"end":{"line":9,"column":5}}]}},"b":{"0":[2]},"fnMap":{"0":{"name":"handle","decl":{"start":{"line":7,"column":4},"end":{"line":9,"column":5}},"loc":{"start":{"line":7,"column":4},"end":{"line":9,"column":5}},"line":7}},"f":{"0":2}}
,"/mnt/d/Cursos (importante)/FullCycle/Desafios-FullCycle/FullCycle_DDD_Desafio1/src/domain/event/customer/handler/envia-console-log-2-created.handler.ts": {"path":"/mnt/d/Cursos (importante)/FullCycle/Desafios-FullCycle/FullCycle_DDD_Desafio1/src/domain/event/customer/handler/envia-console-log-2-created.handler.ts","all":false,"statementMap":{"0":{"start":{"line":1,"column":0},"end":{"line":1,"column":66}},"1":{"start":{"line":2,"column":0},"end":{"line":2,"column":51}},"2":{"start":{"line":3,"column":0},"end":{"line":3,"column":61}},"3":{"start":{"line":4,"column":0},"end":{"line":4,"column":0}},"4":{"start":{"line":5,"column":0},"end":{"line":5,"column":107}},"5":{"start":{"line":6,"column":0},"end":{"line":6,"column":47}},"6":{"start":{"line":7,"column":0},"end":{"line":7,"column":79}},"7":{"start":{"line":8,"column":0},"end":{"line":8,"column":5}},"8":{"start":{"line":9,"column":0},"end":{"line":9,"column":0}},"9":{"start":{"line":10,"column":0},"end":{"line":10,"column":1}}},"s":{"0":1,"1":1,"2":1,"3":1,"4":1,"5":1,"6":2,"7":2,"8":1,"9":1},"branchMap":{"0":{"type":"branch","line":6,"loc":{"start":{"line":6,"column":4},"end":{"line":8,"column":5}},"locations":[{"start":{"line":6,"column":4},"end":{"line":8,"column":5}}]}},"b":{"0":[2]},"fnMap":{"0":{"name":"handle","decl":{"start":{"line":6,"column":4},"end":{"line":8,"column":5}},"loc":{"start":{"line":6,"column":4},"end":{"line":8,"column":5}},"line":6}},"f":{"0":2}}
,"/mnt/d/Cursos (importante)/FullCycle/Desafios-FullCycle/FullCycle_DDD_Desafio1/src/domain/event/customer/handler/envia-console-log-changed.handler.ts": {"path":"/mnt/d/Cursos (importante)/FullCycle/Desafios-FullCycle/FullCycle_DDD_Desafio1/src/domain/event/customer/handler/envia-console-log-changed.handler.ts","all":false,"statementMap":{"0":{"start":{"line":1,"column":0},"end":{"line":1,"column":66}},"1":{"start":{"line":2,"column":0},"end":{"line":2,"column":59}},"2":{"start":{"line":3,"column":0},"end":{"line":3,"column":0}},"3":{"start":{"line":4,"column":0},"end":{"line":4,"column":105}},"4":{"start":{"line":5,"column":0},"end":{"line":5,"column":46}},"5":{"start":{"line":6,"column":0},"end":{"line":6,"column":104}},"6":{"start":{"line":7,"column":0},"end":{"line":7,"column":125}},"7":{"start":{"line":8,"column":0},"end":{"line":8,"column":71}},"8":{"start":{"line":9,"column":0},"end":{"line":9,"column":5}},"9":{"start":{"line":10,"column":0},"end":{"line":10,"column":1}}},"s":{"0":1,"1":1,"2":1,"3":1,"4":1,"5":1,"6":1,"7":1,"8":1,"9":1},"branchMap":{"0":{"type":"branch","line":5,"loc":{"start":{"line":5,"column":4},"end":{"line":9,"column":5}},"locations":[{"start":{"line":5,"column":4},"end":{"line":9,"column":5}}]}},"b":{"0":[1]},"fnMap":{"0":{"name":"handle","decl":{"start":{"line":5,"column":4},"end":{"line":9,"column":5}},"loc":{"start":{"line":5,"column":4},"end":{"line":9,"column":5}},"line":5}},"f":{"0":1}}
,"/mnt/d/Cursos (importante)/FullCycle/Desafios-FullCycle/FullCycle_DDD_Desafio1/src/domain/event/product/product-created.event.ts": {"path":"/mnt/d/Cursos (importante)/FullCycle/Desafios-FullCycle/FullCycle_DDD_Desafio1/src/domain/event/product/product-created.event.ts","all":false,"statementMap":{"0":{"start":{"line":1,"column":0},"end":{"line":1,"column":48}},"1":{"start":{"line":2,"column":0},"end":{"line":2,"column":0}},"2":{"start":{"line":3,"column":0},"end":{"line":3,"column":68}},"3":{"start":{"line":4,"column":0},"end":{"line":4,"column":27}},"4":{"start":{"line":5,"column":0},"end":{"line":5,"column":19}},"5":{"start":{"line":6,"column":0},"end":{"line":6,"column":0}},"6":{"start":{"line":7,"column":0},"end":{"line":7,"column":33}},"7":{"start":{"line":8,"column":0},"end":{"line":8,"column":43}},"8":{"start":{"line":9,"column":0},"end":{"line":9,"column":35}},"9":{"start":{"line":10,"column":0},"end":{"line":10,"column":5}},"10":{"start":{"line":11,"column":0},"end":{"line":11,"column":1}}},"s":{"0":1,"1":1,"2":1,"3":1,"4":1,"5":1,"6":1,"7":1,"8":1,"9":1,"10":1},"branchMap":{"0":{"type":"branch","line":7,"loc":{"start":{"line":7,"column":4},"end":{"line":10,"column":5}},"locations":[{"start":{"line":7,"column":4},"end":{"line":10,"column":5}}]}},"b":{"0":[1]},"fnMap":{"0":{"name":"ProductCreatedEvent","decl":{"start":{"line":7,"column":4},"end":{"line":10,"column":5}},"loc":{"start":{"line":7,"column":4},"end":{"line":10,"column":5}},"line":7}},"f":{"0":1}}
,"/mnt/d/Cursos (importante)/FullCycle/Desafios-FullCycle/FullCycle_DDD_Desafio1/src/domain/event/product/handler/send-email-when-product-is-created.handler.ts": {"path":"/mnt/d/Cursos (importante)/FullCycle/Desafios-FullCycle/FullCycle_DDD_Desafio1/src/domain/event/product/handler/send-email-when-product-is-created.handler.ts","all":false,"statementMap":{"0":{"start":{"line":1,"column":0},"end":{"line":1,"column":66}},"1":{"start":{"line":2,"column":0},"end":{"line":2,"column":59}},"2":{"start":{"line":3,"column":0},"end":{"line":3,"column":0}},"3":{"start":{"line":4,"column":0},"end":{"line":4,"column":112}},"4":{"start":{"line":5,"column":0},"end":{"line":5,"column":46}},"5":{"start":{"line":6,"column":0},"end":{"line":6,"column":44}},"6":{"start":{"line":7,"column":0},"end":{"line":7,"column":5}},"7":{"start":{"line":8,"column":0},"end":{"line":8,"column":1}}},"s":{"0":1,"1":1,"2":1,"3":1,"4":1,"5":1,"6":1,"7":1},"branchMap":{"0":{"type":"branch","line":5,"loc":{"start":{"line":5,"column":4},"end":{"line":7,"column":5}},"locations":[{"start":{"line":5,"column":4},"end":{"line":7,"column":5}}]}},"b":{"0":[1]},"fnMap":{"0":{"name":"handle","decl":{"start":{"line":5,"column":4},"end":{"line":7,"column":5}},"loc":{"start":{"line":5,"column":4},"end":{"line":7,"column":5}},"line":5}},"f":{"0":1}}
,"/mnt/d/Cursos (importante)/FullCycle/Desafios-FullCycle/FullCycle_DDD_Desafio1/src/domain/service/order.service.ts": {"path":"/mnt/d/Cursos (importante)/FullCycle/Desafios-FullCycle/FullCycle_DDD_Desafio1/src/domain/service/order.service.ts","all":false,"statementMap":{"0":{"start":{"line":1,"column":0},"end":{"line":1,"column":42}},"1":{"start":{"line":2,"column":0},"end":{"line":2,"column":40}},"2":{"start":{"line":3,"column":0},"end":{"line":3,"column":45}},"3":{"start":{"line":4,"column":0},"end":{"line":4,"column":34}},"4":{"start":{"line":5,"column":0},"end":{"line":5,"column":0}},"5":{"start":{"line":6,"column":0},"end":{"line":6,"column":35}},"6":{"start":{"line":7,"column":0},"end":{"line":7,"column":0}},"7":{"start":{"line":8,"column":0},"end":{"line":8,"column":43}},"8":{"start":{"line":9,"column":0},"end":{"line":9,"column":71}},"9":{"start":{"line":10,"column":0},"end":{"line":10,"column":5}},"10":{"start":{"line":11,"column":0},"end":{"line":11,"column":0}},"11":{"start":{"line":12,"column":0},"end":{"line":12,"column":70}},"12":{"start":{"line":13,"column":0},"end":{"line":13,"column":0}},"13":{"start":{"line":14,"column":0},"end":{"line":14,"column":33}},"14":{"start":{"line":15,"column":0},"end":{"line":15,"column":65}},"15":{"start":{"line":16,"column":0},"end":{"line":16,"column":9}},"16":{"start":{"line":17,"column":0},"end":{"line":17,"column":0}},"17":{"start":{"line":18,"column":0},"end":{"line":18,"column":60}},"18":{"start":{"line":19,"column":0},"end":{"line":19,"column":50}},"19":{"start":{"line":20,"column":0},"end":{"line":20,"column":21}},"20":{"start":{"line":21,"column":0},"end":{"line":21,"column":0}},"21":{"start":{"line":22,"column":0},"end":{"line":22,"column":5}},"22":{"start":{"line":23,"column":0},"end":{"line":23,"column":0}},"23":{"start":{"line":24,"column":0},"end":{"line":24,"column":1}}},"s":{"0":1,"1":1,"2":1,"3":1,"4":1,"5":1,"6":1,"7":1,"8":1,"9":1,"10":1,"11":1,"12":1,"13":1,"14":0,"15":0,"16":1,"17":1,"18":1,"19":1,"20":1,"21":1,"22":1,"23":1},"branchMap":{"0":{"type":"branch","line":8,"loc":{"start":{"line":8,"column":11},"end":{"line":10,"column":5}},"locations":[{"start":{"line":8,"column":11},"end":{"line":10,"column":5}}]},"1":{"type":"branch","line":9,"loc":{"start":{"line":9,"column":29},"end":{"line":9,"column":66}},"locations":[{"start":{"line":9,"column":29},"end":{"line":9,"column":66}}]},"2":{"type":"branch","line":12,"loc":{"start":{"line":12,"column":11},"end":{"line":22,"column":5}},"locations":[{"start":{"line":12,"column":11},"end":{"line":22,"column":5}}]},"3":{"type":"branch","line":14,"loc":{"start":{"line":14,"column":32},"end":{"line":16,"column":9}},"locations":[{"start":{"line":14,"column":32},"end":{"line":16,"column":9}}]}},"b":{"0":[1],"1":[2],"2":[1],"3":[0]},"fnMap":{"0":{"name":"total","decl":{"start":{"line":8,"column":11},"end":{"line":10,"column":5}},"loc":{"start":{"line":8,"column":11},"end":{"line":10,"column":5}},"line":8},"1":{"name":"placeOrder","decl":{"start":{"line":12,"column":11},"end":{"line":22,"column":5}},"loc":{"start":{"line":12,"column":11},"end":{"line":22,"column":5}},"line":12}},"f":{"0":1,"1":1}}
,"/mnt/d/Cursos (importante)/FullCycle/Desafios-FullCycle/FullCycle_DDD_Desafio1/src/domain/service/product.service.ts": {"path":"/mnt/d/Cursos (importante)/FullCycle/Desafios-FullCycle/FullCycle_DDD_Desafio1/src/domain/service/product.service.ts","all":false,"statementMap":{"0":{"start":{"line":1,"column":0},"end":{"line":1,"column":40}},"1":{"start":{"line":2,"column":0},"end":{"line":2,"column":0}},"2":{"start":{"line":3,"column":0},"end":{"line":3,"column":37}},"3":{"start":{"line":4,"column":0},"end":{"line":4,"column":0}},"4":{"start":{"line":5,"column":0},"end":{"line":5,"column":78}},"5":{"start":{"line":6,"column":0},"end":{"line":6,"column":37}},"6":{"start":{"line":7,"column":0},"end":{"line":7,"column":84}},"7":{"start":{"line":8,"column":0},"end":{"line":8,"column":11}},"8":{"start":{"line":9,"column":0},"end":{"line":9,"column":24}},"9":{"start":{"line":10,"column":0},"end":{"line":10,"column":5}},"10":{"start":{"line":11,"column":0},"end":{"line":11,"column":1}}},"s":{"0":1,"1":1,"2":1,"3":1,"4":1,"5":1,"6":2,"7":2,"8":1,"9":1,"10":1},"branchMap":{"0":{"type":"branch","line":5,"loc":{"start":{"line":5,"column":11},"end":{"line":10,"column":5}},"locations":[{"start":{"line":5,"column":11},"end":{"line":10,"column":5}}]},"1":{"type":"branch","line":6,"loc":{"start":{"line":6,"column":25},"end":{"line":8,"column":11}},"locations":[{"start":{"line":6,"column":25},"end":{"line":8,"column":11}}]}},"b":{"0":[1],"1":[2]},"fnMap":{"0":{"name":"increasePrice","decl":{"start":{"line":5,"column":11},"end":{"line":10,"column":5}},"loc":{"start":{"line":5,"column":11},"end":{"line":10,"column":5}},"line":5}},"f":{"0":1}}
,"/mnt/d/Cursos (importante)/FullCycle/Desafios-FullCycle/FullCycle_DDD_Desafio1/src/infrastructure/db/sequelize/model/customer.model.ts": {"path":"/mnt/d/Cursos (importante)/FullCycle/Desafios-FullCycle/FullCycle_DDD_Desafio1/src/infrastructure/db/sequelize/model/customer.model.ts","all":false,"statementMap":{"0":{"start":{"line":1,"column":0},"end":{"line":1,"column":81}},"1":{"start":{"line":2,"column":0},"end":{"line":2,"column":0}},"2":{"start":{"line":3,"column":0},"end":{"line":3,"column":8}},"3":{"start":{"line":4,"column":0},"end":{"line":4,"column":27}},"4":{"start":{"line":5,"column":0},"end":{"line":5,"column":22}},"5":{"start":{"line":6,"column":0},"end":{"line":6,"column":2}},"6":{"start":{"line":7,"column":0},"end":{"line":7,"column":50}},"7":{"start":{"line":8,"column":0},"end":{"line":8,"column":15}},"8":{"start":{"line":9,"column":0},"end":{"line":9,"column":11}},"9":{"start":{"line":10,"column":0},"end":{"line":10,"column":23}},"10":{"start":{"line":11,"column":0},"end":{"line":11,"column":0}},"11":{"start":{"line":12,"column":0},"end":{"line":12,"column":33}},"12":{"start":{"line":13,"column":0},"end":{"line":13,"column":25}},"13":{"start":{"line":14,"column":0},"end":{"line":14,"column":0}},"14":{"start":{"line":15,"column":0},"end":{"line":15,"column":32}},"15":{"start":{"line":16,"column":0},"end":{"line":16,"column":27}},"16":{"start":{"line":17,"column":0},"end":{"line":17,"column":0}},"17":{"start":{"line":18,"column":0},"end":{"line":18,"column":32}},"18":{"start":{"line":19,"column":0},"end":{"line":19,"column":27}},"19":{"start":{"line":20,"column":0},"end":{"line":20,"column":0}},"20":{"start":{"line":21,"column":0},"end":{"line":21,"column":32}},"21":{"start":{"line":22,"column":0},"end":{"line":22,"column":24}},"22":{"start":{"line":23,"column":0},"end":{"line":23,"column":0}},"23":{"start":{"line":24,"column":0},"end":{"line":24,"column":32}},"24":{"start":{"line":25,"column":0},"end":{"line":25,"column":25}},"25":{"start":{"line":26,"column":0},"end":{"line":26,"column":0}},"26":{"start":{"line":27,"column":0},"end":{"line":27,"column":33}},"27":{"start":{"line":28,"column":0},"end":{"line":28,"column":28}},"28":{"start":{"line":29,"column":0},"end":{"line":29,"column":0}},"29":{"start":{"line":30,"column":0},"end":{"line":30,"column":33}},"30":{"start":{"line":31,"column":0},"end":{"line":31,"column":33}},"31":{"start":{"line":32,"column":0},"end":{"line":32,"column":1}}},"s":{"0":1,"1":1,"2":1,"3":1,"4":1,"5":1,"6":1,"7":1,"8":1,"9":1,"10":1,"11":1,"12":1,"13":1,"14":1,"15":1,"16":1,"17":1,"18":1,"19":1,"20":1,"21":1,"22":1,"23":1,"24":1,"25":1,"26":1,"27":1,"28":1,"29":1,"30":1,"31":1},"branchMap":{},"b":{},"fnMap":{},"f":{}}
,"/mnt/d/Cursos (importante)/FullCycle/Desafios-FullCycle/FullCycle_DDD_Desafio1/src/infrastructure/db/sequelize/model/order.model.ts": {"path":"/mnt/d/Cursos (importante)/FullCycle/Desafios-FullCycle/FullCycle_DDD_Desafio1/src/infrastructure/db/sequelize/model/order.model.ts","all":false,"statementMap":{"0":{"start":{"line":1,"column":0},"end":{"line":1,"column":104}},"1":{"start":{"line":2,"column":0},"end":{"line":2,"column":45}},"2":{"start":{"line":3,"column":0},"end":{"line":3,"column":48}},"3":{"start":{"line":4,"column":0},"end":{"line":4,"column":0}},"4":{"start":{"line":5,"column":0},"end":{"line":5,"column":8}},"5":{"start":{"line":6,"column":0},"end":{"line":6,"column":24}},"6":{"start":{"line":7,"column":0},"end":{"line":7,"column":21}},"7":{"start":{"line":8,"column":0},"end":{"line":8,"column":2}},"8":{"start":{"line":9,"column":0},"end":{"line":9,"column":47}},"9":{"start":{"line":10,"column":0},"end":{"line":10,"column":15}},"10":{"start":{"line":11,"column":0},"end":{"line":11,"column":11}},"11":{"start":{"line":12,"column":0},"end":{"line":12,"column":23}},"12":{"start":{"line":13,"column":0},"end":{"line":13,"column":0}},"13":{"start":{"line":14,"column":0},"end":{"line":14,"column":36}},"14":{"start":{"line":15,"column":0},"end":{"line":15,"column":33}},"15":{"start":{"line":16,"column":0},"end":{"line":16,"column":31}},"16":{"start":{"line":17,"column":0},"end":{"line":17,"column":0}},"17":{"start":{"line":18,"column":0},"end":{"line":18,"column":35}},"18":{"start":{"line":19,"column":0},"end":{"line":19,"column":36}},"19":{"start":{"line":20,"column":0},"end":{"line":20,"column":0}},"20":{"start":{"line":21,"column":0},"end":{"line":21,"column":34}},"21":{"start":{"line":22,"column":0},"end":{"line":22,"column":36}},"22":{"start":{"line":23,"column":0},"end":{"line":23,"column":0}},"23":{"start":{"line":24,"column":0},"end":{"line":24,"column":33}},"24":{"start":{"line":25,"column":0},"end":{"line":25,"column":26}},"25":{"start":{"line":26,"column":0},"end":{"line":26,"column":0}},"26":{"start":{"line":27,"column":0},"end":{"line":27,"column":1}}},"s":{"0":1,"1":1,"2":1,"3":1,"4":1,"5":1,"6":1,"7":1,"8":1,"9":1,"10":1,"11":1,"12":1,"13":1,"14":1,"15":1,"16":1,"17":1,"18":1,"19":1,"20":1,"21":1,"22":1,"23":1,"24":1,"25":1,"26":1},"branchMap":{"0":{"type":"branch","line":19,"loc":{"start":{"line":19,"column":35},"end":{"line":19,"column":36}},"locations":[{"start":{"line":19,"column":35},"end":{"line":19,"column":36}}]},"1":{"type":"branch","line":14,"loc":{"start":{"line":14,"column":16},"end":{"line":14,"column":35}},"locations":[{"start":{"line":14,"column":16},"end":{"line":14,"column":35}}]},"2":{"type":"branch","line":18,"loc":{"start":{"line":18,"column":15},"end":{"line":18,"column":34}},"locations":[{"start":{"line":18,"column":15},"end":{"line":18,"column":34}}]},"3":{"type":"branch","line":21,"loc":{"start":{"line":21,"column":13},"end":{"line":21,"column":33}},"locations":[{"start":{"line":21,"column":13},"end":{"line":21,"column":33}}]}},"b":{"0":[0],"1":[5],"2":[16],"3":[16]},"fnMap":{},"f":{}}
,"/mnt/d/Cursos (importante)/FullCycle/Desafios-FullCycle/FullCycle_DDD_Desafio1/src/infrastructure/db/sequelize/model/order_item.model.ts": {"path":"/mnt/d/Cursos (importante)/FullCycle/Desafios-FullCycle/FullCycle_DDD_Desafio1/src/infrastructure/db/sequelize/model/order_item.model.ts","all":false,"statementMap":{"0":{"start":{"line":1,"column":0},"end":{"line":1,"column":104}},"1":{"start":{"line":2,"column":0},"end":{"line":2,"column":39}},"2":{"start":{"line":3,"column":0},"end":{"line":3,"column":43}},"3":{"start":{"line":4,"column":0},"end":{"line":4,"column":0}},"4":{"start":{"line":5,"column":0},"end":{"line":5,"column":8}},"5":{"start":{"line":6,"column":0},"end":{"line":6,"column":29}},"6":{"start":{"line":7,"column":0},"end":{"line":7,"column":22}},"7":{"start":{"line":8,"column":0},"end":{"line":8,"column":2}},"8":{"start":{"line":9,"column":0},"end":{"line":9,"column":51}},"9":{"start":{"line":10,"column":0},"end":{"line":10,"column":0}},"10":{"start":{"line":11,"column":0},"end":{"line":11,"column":15}},"11":{"start":{"line":12,"column":0},"end":{"line":12,"column":11}},"12":{"start":{"line":13,"column":0},"end":{"line":13,"column":23}},"13":{"start":{"line":14,"column":0},"end":{"line":14,"column":0}},"14":{"start":{"line":15,"column":0},"end":{"line":15,"column":35}},"15":{"start":{"line":16,"column":0},"end":{"line":16,"column":33}},"16":{"start":{"line":17,"column":0},"end":{"line":17,"column":30}},"17":{"start":{"line":18,"column":0},"end":{"line":18,"column":0}},"18":{"start":{"line":19,"column":0},"end":{"line":19,"column":34}},"19":{"start":{"line":20,"column":0},"end":{"line":20,"column":34}},"20":{"start":{"line":21,"column":0},"end":{"line":21,"column":0}},"21":{"start":{"line":22,"column":0},"end":{"line":22,"column":36}},"22":{"start":{"line":23,"column":0},"end":{"line":23,"column":38}},"23":{"start":{"line":24,"column":0},"end":{"line":24,"column":0}},"24":{"start":{"line":25,"column":0},"end":{"line":25,"column":0}},"25":{"start":{"line":26,"column":0},"end":{"line":26,"column":33}},"26":{"start":{"line":27,"column":0},"end":{"line":27,"column":33}},"27":{"start":{"line":28,"column":0},"end":{"line":28,"column":28}},"28":{"start":{"line":29,"column":0},"end":{"line":29,"column":0}},"29":{"start":{"line":30,"column":0},"end":{"line":30,"column":32}},"30":{"start":{"line":31,"column":0},"end":{"line":31,"column":30}},"31":{"start":{"line":32,"column":0},"end":{"line":32,"column":0}},"32":{"start":{"line":33,"column":0},"end":{"line":33,"column":33}},"33":{"start":{"line":34,"column":0},"end":{"line":34,"column":29}},"34":{"start":{"line":35,"column":0},"end":{"line":35,"column":0}},"35":{"start":{"line":36,"column":0},"end":{"line":36,"column":33}},"36":{"start":{"line":37,"column":0},"end":{"line":37,"column":25}},"37":{"start":{"line":38,"column":0},"end":{"line":38,"column":0}},"38":{"start":{"line":39,"column":0},"end":{"line":39,"column":33}},"39":{"start":{"line":40,"column":0},"end":{"line":40,"column":26}},"40":{"start":{"line":41,"column":0},"end":{"line":41,"column":0}},"41":{"start":{"line":42,"column":0},"end":{"line":42,"column":33}},"42":{"start":{"line":43,"column":0},"end":{"line":43,"column":31}},"43":{"start":{"line":44,"column":0},"end":{"line":44,"column":0}},"44":{"start":{"line":45,"column":0},"end":{"line":45,"column":1}}},"s":{"0":1,"1":1,"2":1,"3":1,"4":1,"5":1,"6":1,"7":1,"8":1,"9":1,"10":1,"11":1,"12":1,"13":1,"14":1,"15":1,"16":1,"17":1,"18":1,"19":1,"20":1,"21":1,"22":1,"23":1,"24":1,"25":1,"26":1,"27":1,"28":1,"29":1,"30":1,"31":1,"32":1,"33":1,"34":1,"35":1,"36":1,"37":1,"38":1,"39":1,"40":1,"41":1,"42":1,"43":1,"44":1},"branchMap":{"0":{"type":"branch","line":20,"loc":{"start":{"line":20,"column":33},"end":{"line":20,"column":34}},"locations":[{"start":{"line":20,"column":33},"end":{"line":20,"column":34}}]},"1":{"type":"branch","line":31,"loc":{"start":{"line":31,"column":29},"end":{"line":31,"column":30}},"locations":[{"start":{"line":31,"column":29},"end":{"line":31,"column":30}}]},"2":{"type":"branch","line":15,"loc":{"start":{"line":15,"column":16},"end":{"line":15,"column":34}},"locations":[{"start":{"line":15,"column":16},"end":{"line":15,"column":34}}]},"3":{"type":"branch","line":19,"loc":{"start":{"line":19,"column":15},"end":{"line":19,"column":33}},"locations":[{"start":{"line":19,"column":15},"end":{"line":19,"column":33}}]},"4":{"type":"branch","line":26,"loc":{"start":{"line":26,"column":16},"end":{"line":26,"column":32}},"locations":[{"start":{"line":26,"column":16},"end":{"line":26,"column":32}}]},"5":{"type":"branch","line":30,"loc":{"start":{"line":30,"column":15},"end":{"line":30,"column":31}},"locations":[{"start":{"line":30,"column":15},"end":{"line":30,"column":31}}]}},"b":{"0":[0],"1":[0],"2":[25],"3":[10],"4":[10],"5":[10]},"fnMap":{},"f":{}}
,"/mnt/d/Cursos (importante)/FullCycle/Desafios-FullCycle/FullCycle_DDD_Desafio1/src/infrastructure/db/sequelize/model/product.model.ts": {"path":"/mnt/d/Cursos (importante)/FullCycle/Desafios-FullCycle/FullCycle_DDD_Desafio1/src/infrastructure/db/sequelize/model/product.model.ts","all":false,"statementMap":{"0":{"start":{"line":1,"column":0},"end":{"line":1,"column":72}},"1":{"start":{"line":2,"column":0},"end":{"line":2,"column":0}},"2":{"start":{"line":3,"column":0},"end":{"line":3,"column":0}},"3":{"start":{"line":4,"column":0},"end":{"line":4,"column":8}},"4":{"start":{"line":5,"column":0},"end":{"line":5,"column":26}},"5":{"start":{"line":6,"column":0},"end":{"line":6,"column":22}},"6":{"start":{"line":7,"column":0},"end":{"line":7,"column":2}},"7":{"start":{"line":8,"column":0},"end":{"line":8,"column":49}},"8":{"start":{"line":9,"column":0},"end":{"line":9,"column":15}},"9":{"start":{"line":10,"column":0},"end":{"line":10,"column":11}},"10":{"start":{"line":11,"column":0},"end":{"line":11,"column":23}},"11":{"start":{"line":12,"column":0},"end":{"line":12,"column":0}},"12":{"start":{"line":13,"column":0},"end":{"line":13,"column":33}},"13":{"start":{"line":14,"column":0},"end":{"line":14,"column":25}},"14":{"start":{"line":15,"column":0},"end":{"line":15,"column":0}},"15":{"start":{"line":16,"column":0},"end":{"line":16,"column":33}},"16":{"start":{"line":17,"column":0},"end":{"line":17,"column":26}},"17":{"start":{"line":18,"column":0},"end":{"line":18,"column":1}}},"s":{"0":1,"1":1,"2":1,"3":1,"4":1,"5":1,"6":1,"7":1,"8":1,"9":1,"10":1,"11":1,"12":1,"13":1,"14":1,"15":1,"16":1,"17":1},"branchMap":{},"b":{},"fnMap":{},"f":{}}
,"/mnt/d/Cursos (importante)/FullCycle/Desafios-FullCycle/FullCycle_DDD_Desafio1/src/infrastructure/repository/customer.respository.ts": {"path":"/mnt/d/Cursos (importante)/FullCycle/Desafios-FullCycle/FullCycle_DDD_Desafio1/src/infrastructure/repository/customer.respository.ts","all":false,"statementMap":{"0":{"start":{"line":1,"column":0},"end":{"line":1,"column":54}},"1":{"start":{"line":2,"column":0},"end":{"line":2,"column":52}},"2":{"start":{"line":3,"column":0},"end":{"line":3,"column":96}},"3":{"start":{"line":4,"column":0},"end":{"line":4,"column":65}},"4":{"start":{"line":5,"column":0},"end":{"line":5,"column":0}},"5":{"start":{"line":6,"column":0},"end":{"line":6,"column":80}},"6":{"start":{"line":7,"column":0},"end":{"line":7,"column":0}},"7":{"start":{"line":8,"column":0},"end":{"line":8,"column":51}},"8":{"start":{"line":9,"column":0},"end":{"line":9,"column":36}},"9":{"start":{"line":10,"column":0},"end":{"line":10,"column":26}},"10":{"start":{"line":11,"column":0},"end":{"line":11,"column":30}},"11":{"start":{"line":12,"column":0},"end":{"line":12,"column":43}},"12":{"start":{"line":13,"column":0},"end":{"line":13,"column":37}},"13":{"start":{"line":14,"column":0},"end":{"line":14,"column":43}},"14":{"start":{"line":15,"column":0},"end":{"line":15,"column":39}},"15":{"start":{"line":16,"column":0},"end":{"line":16,"column":34}},"16":{"start":{"line":17,"column":0},"end":{"line":17,"column":46}},"17":{"start":{"line":18,"column":0},"end":{"line":18,"column":11}},"18":{"start":{"line":19,"column":0},"end":{"line":19,"column":5}},"19":{"start":{"line":20,"column":0},"end":{"line":20,"column":0}},"20":{"start":{"line":21,"column":0},"end":{"line":21,"column":51}},"21":{"start":{"line":22,"column":0},"end":{"line":22,"column":36}},"22":{"start":{"line":23,"column":0},"end":{"line":23,"column":30}},"23":{"start":{"line":24,"column":0},"end":{"line":24,"column":43}},"24":{"start":{"line":25,"column":0},"end":{"line":25,"column":37}},"25":{"start":{"line":26,"column":0},"end":{"line":26,"column":43}},"26":{"start":{"line":27,"column":0},"end":{"line":27,"column":39}},"27":{"start":{"line":28,"column":0},"end":{"line":28,"column":34}},"28":{"start":{"line":29,"column":0},"end":{"line":29,"column":46}},"29":{"start":{"line":30,"column":0},"end":{"line":30,"column":12}},"30":{"start":{"line":31,"column":0},"end":{"line":31,"column":20}},"31":{"start":{"line":32,"column":0},"end":{"line":32,"column":30}},"32":{"start":{"line":33,"column":0},"end":{"line":33,"column":14}},"33":{"start":{"line":34,"column":0},"end":{"line":34,"column":11}},"34":{"start":{"line":35,"column":0},"end":{"line":35,"column":5}},"35":{"start":{"line":36,"column":0},"end":{"line":36,"column":0}},"36":{"start":{"line":37,"column":0},"end":{"line":37,"column":47}},"37":{"start":{"line":38,"column":0},"end":{"line":38,"column":18}},"38":{"start":{"line":39,"column":0},"end":{"line":39,"column":13}},"39":{"start":{"line":40,"column":0},"end":{"line":40,"column":49}},"40":{"start":{"line":41,"column":0},"end":{"line":41,"column":30}},"41":{"start":{"line":42,"column":0},"end":{"line":42,"column":36}},"42":{"start":{"line":43,"column":0},"end":{"line":43,"column":15}},"43":{"start":{"line":44,"column":0},"end":{"line":44,"column":9}},"44":{"start":{"line":45,"column":0},"end":{"line":45,"column":23}},"45":{"start":{"line":46,"column":0},"end":{"line":46,"column":50}},"46":{"start":{"line":47,"column":0},"end":{"line":47,"column":9}},"47":{"start":{"line":48,"column":0},"end":{"line":48,"column":0}},"48":{"start":{"line":49,"column":0},"end":{"line":49,"column":46}},"49":{"start":{"line":50,"column":0},"end":{"line":50,"column":5}},"50":{"start":{"line":51,"column":0},"end":{"line":51,"colu
[...]
"loc":{"start":{"line":13,"column":17},"end":{"line":13,"column":24}},"locations":[{"start":{"line":13,"column":17},"end":{"line":13,"column":24}}]},"3":{"type":"branch","line":14,"loc":{"start":{"line":14,"column":20},"end":{"line":14,"column":27}},"locations":[{"start":{"line":14,"column":20},"end":{"line":14,"column":27}}]},"4":{"type":"branch","line":15,"loc":{"start":{"line":15,"column":18},"end":{"line":15,"column":25}},"locations":[{"start":{"line":15,"column":18},"end":{"line":15,"column":25}}]},"5":{"type":"branch","line":21,"loc":{"start":{"line":21,"column":4},"end":{"line":35,"column":5}},"locations":[{"start":{"line":21,"column":4},"end":{"line":35,"column":5}}]},"6":{"type":"branch","line":24,"loc":{"start":{"line":24,"column":20},"end":{"line":24,"column":27}},"locations":[{"start":{"line":24,"column":20},"end":{"line":24,"column":27}}]},"7":{"type":"branch","line":25,"loc":{"start":{"line":25,"column":17},"end":{"line":25,"column":24}},"locations":[{"start":{"line":25,"column":17},"end":{"line":25,"column":24}}]},"8":{"type":"branch","line":26,"loc":{"start":{"line":26,"column":20},"end":{"line":26,"column":27}},"locations":[{"start":{"line":26,"column":20},"end":{"line":26,"column":27}}]},"9":{"type":"branch","line":27,"loc":{"start":{"line":27,"column":18},"end":{"line":27,"column":25}},"locations":[{"start":{"line":27,"column":18},"end":{"line":27,"column":25}}]},"10":{"type":"branch","line":37,"loc":{"start":{"line":37,"column":4},"end":{"line":50,"column":5}},"locations":[{"start":{"line":37,"column":4},"end":{"line":50,"column":5}}]},"11":{"type":"branch","line":43,"loc":{"start":{"line":43,"column":12},"end":{"line":44,"column":9}},"locations":[{"start":{"line":43,"column":12},"end":{"line":44,"column":9}}]},"12":{"type":"branch","line":47,"loc":{"start":{"line":47,"column":8},"end":{"line":50,"column":5}},"locations":[{"start":{"line":47,"column":8},"end":{"line":50,"column":5}}]},"13":{"type":"branch","line":52,"loc":{"start":{"line":52,"column":4},"end":{"line":55,"column":5}},"locations":[{"start":{"line":52,"column":4},"end":{"line":55,"column":5}}]},"14":{"type":"branch","line":54,"loc":{"start":{"line":54,"column":26},"end":{"line":54,"column":67}},"locations":[{"start":{"line":54,"column":26},"end":{"line":54,"column":67}}]},"15":{"type":"branch","line":57,"loc":{"start":{"line":57,"column":12},"end":{"line":63,"column":5}},"locations":[{"start":{"line":57,"column":12},"end":{"line":63,"column":5}}]}},"b":{"0":[11],"1":[0],"2":[0],"3":[0],"4":[0],"5":[1],"6":[0],"7":[0],"8":[0],"9":[0],"10":[1],"11":[0],"12":[0],"13":[1],"14":[2],"15":[2]},"fnMap":{"0":{"name":"create","decl":{"start":{"line":8,"column":4},"end":{"line":19,"column":5}},"loc":{"start":{"line":8,"column":4},"end":{"line":19,"column":5}},"line":8},"1":{"name":"update","decl":{"start":{"line":21,"column":4},"end":{"line":35,"column":5}},"loc":{"start":{"line":21,"column":4},"end":{"line":35,"column":5}},"line":21},"2":{"name":"find","decl":{"start":{"line":37,"column":4},"end":{"line":50,"column":5}},"loc":{"start":{"line":37,"column":4},"end":{"line":50,"column":5}},"line":37},"3":{"name":"findAll","decl":{"start":{"line":52,"column":4},"end":{"line":55,"column":5}},"loc":{"start":{"line":52,"column":4},"end":{"line":55,"column":5}},"line":52},"4":{"name":"mapModelToCustomer","decl":{"start":{"line":57,"column":12},"end":{"line":63,"column":5}},"loc":{"start":{"line":57,"column":12},"end":{"line":63,"column":5}},"line":57}},"f":{"0":11,"1":1,"2":1,"3":1,"4":2}}
,"/mnt/d/Cursos (importante)/FullCycle/Desafios-FullCycle/FullCycle_DDD_Desafio1/src/infrastructure/repository/order.respository.ts": {"path":"/mnt/d/Cursos (importante)/FullCycle/Desafios-FullCycle/FullCycle_DDD_Desafio1/src/infrastructure/repository/order.respository.ts","all":false,"statementMap":{"0":{"start":{"line":1,"column":0},"end":{"line":1,"column":48}},"1":{"start":{"line":2,"column":0},"end":{"line":2,"column":54}},"2":{"start":{"line":3,"column":0},"end":{"line":3,"column":50}},"3":{"start":{"line":4,"column":0},"end":{"line":4,"column":90}},"4":{"start":{"line":5,"column":0},"end":{"line":5,"column":59}},"5":{"start":{"line":6,"column":0},"end":{"line":6,"column":55}},"6":{"start":{"line":7,"column":0},"end":{"line":7,"column":68}},"7":{"start":{"line":8,"column":0},"end":{"line":8,"column":0}},"8":{"start":{"line":9,"column":0},"end":{"line":9,"column":74}},"9":{"start":{"line":10,"column":0},"end":{"line":10,"column":0}},"10":{"start":{"line":11,"column":0},"end":{"line":11,"column":48}},"11":{"start":{"line":12,"column":0},"end":{"line":12,"column":33}},"12":{"start":{"line":13,"column":0},"end":{"line":13,"column":26}},"13":{"start":{"line":14,"column":0},"end":{"line":14,"column":42}},"14":{"start":{"line":15,"column":0},"end":{"line":15,"column":32}},"15":{"start":{"line":16,"column":0},"end":{"line":16,"column":46}},"16":{"start":{"line":17,"column":0},"end":{"line":17,"column":28}},"17":{"start":{"line":18,"column":0},"end":{"line":18,"column":32}},"18":{"start":{"line":19,"column":0},"end":{"line":19,"column":34}},"19":{"start":{"line":20,"column":0},"end":{"line":20,"column":42}},"20":{"start":{"line":21,"column":0},"end":{"line":21,"column":40}},"21":{"start":{"line":22,"column":0},"end":{"line":22,"column":44}},"22":{"start":{"line":23,"column":0},"end":{"line":23,"column":15}},"23":{"start":{"line":24,"column":0},"end":{"line":24,"column":10}},"24":{"start":{"line":25,"column":0},"end":{"line":25,"column":13}},"25":{"start":{"line":26,"column":0},"end":{"line":26,"column":53}},"26":{"start":{"line":27,"column":0},"end":{"line":27,"column":13}},"27":{"start":{"line":28,"column":0},"end":{"line":28,"column":10}},"28":{"start":{"line":29,"column":0},"end":{"line":29,"column":5}},"29":{"start":{"line":30,"column":0},"end":{"line":30,"column":0}},"30":{"start":{"line":31,"column":0},"end":{"line":31,"column":48}},"31":{"start":{"line":32,"column":0},"end":{"line":32,"column":0}},"32":{"start":{"line":33,"column":0},"end":{"line":33,"column":60}},"33":{"start":{"line":34,"column":0},"end":{"line":34,"column":0}},"34":{"start":{"line":35,"column":0},"end":{"line":35,"column":37}},"35":{"start":{"line":36,"column":0},"end":{"line":36,"column":32}},"36":{"start":{"line":37,"column":0},"end":{"line":37,"column":46}},"37":{"start":{"line":38,"column":0},"end":{"line":38,"column":36}},"38":{"start":{"line":39,"column":0},"end":{"line":39,"column":53}},"39":{"start":{"line":40,"column":0},"end":{"line":40,"column":37}},"40":{"start":{"line":41,"column":0},"end":{"line":41,"column":39}},"41":{"start":{"line":42,"column":0},"end":{"line":42,"column":41}},"42":{"start":{"line":43,"column":0},"end":{"line":43,"column":49}},"43":{"start":{"line":44,"column":0},"end":{"line":44,"column":47}},"44":{"start":{"line":45,"column":0},"end":{"line":45,"column":51}},"45":{"start":{"line":46,"column":0},"end":{"line":46,"column":22}},"46":{"start":{"line":47,"column":0},"end":{"line":47,"column":16}},"47":{"start":{"line":48,"column":0},"end":{"line":48,"column":41}},"48":{"start":{"line":49,"column":0},"end":{"line":49,"column":15}},"49":{"start":{"line":50,"column":0},"end":{"line":50,"column":0}},"50":{"start":{"line":51,"column":0},"end":{"line":51,"column":36}},"51":{"start":{"line":52,"column":0},"end":{"line":52,"column":24}},"52":{"start":{"line":53,"column":0},"end":{"line":53,"column":38}},"53":{"start":{"line":54,"column":0},"end":{"line":54,"column":17}},"54":{"start":{"line":55,"column":0},"end":{"line":55,"column":15}},"55":{"start":{"line":56,"column":0},"end":{"line":56,"column":0}},"56":{"start":{"line":57,"column":0},"end":{"line":57,"column":44}},"57":{"start":{"line":58,"column":0},"end":{"line":58,"column":0}},"58":{"start":{"line":59,"column":0},"end":{"line":59,"column":39}},"59":{"start":{"line":60,"column":0},"end":{"line":60,"column":32}},"60":{"start":{"line":61,"column":0},"end":{"line":61,"column":36}},"61":{"start":{"line":62,"column":0},"end":{"line":62,"column":38}},"62":{"start":{"line":63,"column":0},"end":{"line":63,"column":46}},"63":{"start":{"line":64,"column":0},"end":{"line":64,"column":44}},"64":{"start":{"line":65,"column":0},"end":{"line":65,"column":48}},"65":{"start":{"line":66,"column":0},"end":{"line":66,"column":38}},"66":{"start":{"line":67,"column":0},"end":{"line":67,"column":19}},"67":{"start":{"line":68,"column":0},"end":{"line":68,"column":15}},"68":{"start":{"line":69,"column":0},"end":{"line":69,"column":11}},"69":{"start":{"line":70,"column":0},"end":{"line":70,"column":5}},"70":{"start":{"line":71,"column":0},"end":{"line":71,"column":0}},"71":{"start":{"line":72,"column":0},"end":{"line":72,"column":44}},"72":{"start":{"line":73,"column":0},"end":{"line":73,"column":18}},"73":{"start":{"line":74,"column":0},"end":{"line":74,"column":13}},"74":{"start":{"line":75,"column":0},"end":{"line":75,"column":46}},"75":{"start":{"line":76,"column":0},"end":{"line":76,"column":30}},"76":{"start":{"line":77,"column":0},"end":{"line":77,"column":36}},"77":{"start":{"line":78,"column":0},"end":{"line":78,"column":35}},"78":{"start":{"line":79,"column":0},"end":{"line":79,"column":15}},"79":{"start":{"line":80,"column":0},"end":{"line":80,"column":9}},"80":{"start":{"line":81,"column":0},"end":{"line":81,"column":23}},"81":{"start":{"line":82,"column":0},"end":{"line":82,"column":47}},"82":{"start":{"line":83,"column":0},"end":{"line":83,"column":9}},"83":{"start":{"line":84,"column":0},"end":{"line":84,"column":0}},"84":{"start":{"line":85,"column":0},"end":{"line":85,"column":44}},"85":{"start":{"line":86,"column":0},"end":{"line":86,"column":5}},"86":{"start":{"line":87,"column":0},"end":{"line":87,"column":0}},"87":{"start":{"line":88,"column":0},"end":{"line":88,"column":39}},"88":{"start":{"line":89,"column":0},"end":{"line":89,"column":49}},"89":{"start":{"line":90,"column":0},"end":{"line":90,"column":31}},"90":{"start":{"line":91,"column":0},"end":{"line":91,"column":11}},"91":{"start":{"line":92,"column":0},"end":{"line":92,"column":65}},"92":{"start":{"line":93,"column":0},"end":{"line":93,"column":5}},"93":{"start":{"line":94,"column":0},"end":{"line":94,"column":0}},"94":{"start":{"line":95,"column":0},"end":{"line":95,"column":56}},"95":{"start":{"line":96,"column":0},"end":{"line":96,"column":32}},"96":{"start":{"line":97,"column":0},"end":{"line":97,"column":39}},"97":{"start":{"line":98,"column":0},"end":{"line":98,"column":50}},"98":{"start":{"line":99,"column":0},"end":{"line":99,"column":24}},"99":{"start":{"line":100,"column":0},"end":{"line":100,"column":26}},"100":{"start":{"line":101,"column":0},"end":{"line":101,"column":27}},"101":{"start":{"line":102,"column":0},"end":{"line":102,"column":31}},"102":{"start":{"line":103,"column":0},"end":{"line":103,"column":29}},"103":{"start":{"line":104,"column":0},"end":{"line":104,"column":16}},"104":{"start":{"line":105,"column":0},"end":{"line":105,"column":0}},"105":{"start":{"line":106,"column":0},"end":{"line":106,"column":21}},"106":{"start":{"line":107,"column":0},"end":{"line":107,"column":5}},"107":{"start":{"line":108,"column":0},"end":{"line":108,"column":0}},"108":{"start":{"line":109,"column":0},"end":{"line":109,"column":1}}},"s":{"0":1,"1":1,"2":1,"3":1,"4":1,"5":1,"6":1,"7":1,"8":1,"9":1,"10":1,"11":6,"12":6,"13":6,"14":6,"15":6,"16":6,"17":6,"18":6,"19":6,"20":6,"21":6,"22":6,"23":6,"24":6,"25":6,"26":6,"27":6,"28":6,"29":1,"30":1,"31":1,"32":1,"33":1,"34":1,"35":1,"36":1,"37":1,"38":1,"39":1,"40":1,"41":1,"42":1,"43":1,"44":1,"45":1,"46":1,"47":1,"48":1,"49":1,"50":1,"51":1,"52":1,"53":1,"54":1,"55":1,"56":1,"57":1,"58":1,"59":1,"60":1,"61":1,"62":1,"63":1,"64":1,"65":1,"66":1,"67":1,"68":1,"69":1,"70":1,"71":1,"72":3,"73":3,"74":3,"75":3,"76":3,"77":3,"78":3,"79":2,"80":3,"81":1,"82":1,"83":2,"84":2,"85":2,"86":1,"87":1,"88":1,"89":1,"90":1,"91":1,"92":1,"93":1,"94":1,"95":4,"96":4,"97":4,"98":4,"99":4,"100":4,"101":4,"102":4,"103":4,"104":4,"105":4,"106":4,"107":1,"108":1},"branchMap":{"0":{"type":"branch","line":11,"loc":{"start":{"line":11,"column":4},"end":{"line":29,"column":5}},"locations":[{"start":{"line":11,"column":4},"end":{"line":29,"column":5}}]},"1":{"type":"branch","line":16,"loc":{"start":{"line":16,"column":36},"end":{"line":23,"column":15}},"locations":[{"start":{"line":16,"column":36},"end":{"line":23,"column":15}}]},"2":{"type":"branch","line":31,"loc":{"start":{"line":31,"column":4},"end":{"line":70,"column":5}},"locations":[{"start":{"line":31,"column":4},"end":{"line":70,"column":5}}]},"3":{"type":"branch","line":33,"loc":{"start":{"line":33,"column":47},"end":{"line":69,"column":11}},"locations":[{"start":{"line":33,"column":47},"end":{"line":69,"column":11}}]},"4":{"type":"branch","line":57,"loc":{"start":{"line":57,"column":33},"end":{"line":68,"column":15}},"locations":[{"start":{"line":57,"column":33},"end":{"line":68,"column":15}}]},"5":{"type":"branch","line":72,"loc":{"start":{"line":72,"column":4},"end":{"line":86,"column":5}},"locations":[{"start":{"line":72,"column":4},"end":{"line":86,"column":5}}]},"6":{"type":"branch","line":79,"loc":{"start":{"line":79,"column":12},"end":{"line":80,"column":9}},"locations":[{"start":{"line":79,"column":12},"end":{"line":80,"column":9}}]},"7":{"type":"branch","line":81,"loc":{"start":{"line":81,"column":8},"end":{"line":83,"column":9}},"locations":[{"start":{"line":81,"column":8},"end":{"line":83,"column":9}}]},"8":{"type":"branch","line":83,"loc":{"start":{"line":83,"column":8},"end":{"line":86,"column":5}},"locations":[{"start":{"line":83,"column":8},"end":{"line":86,"column":5}}]},"9":{"type":"branch","line":88,"loc":{"start":{"line":88,"column":4},"end":{"line":93,"column":5}},"locations":[{"start":{"line":88,"column":4},"end":{"line":93,"column":5}}]},"10":{"type":"branch","line":92,"loc":{"start":{"line":92,"column":26},"end":{"line":92,"column":65}},"locations":[{"start":{"line":92,"column":26},"end":{"line":92,"column":65}}]},"11":{"type":"branch","line":95,"loc":{"start":{"line":95,"column":12},"end":{"line":107,"column":5}},"locations":[{"start":{"line":95,"column":12},"end":{"line":107,"column":5}}]},"12":{"type":"branch","line":98,"loc":{"start":{"line":98,"column":28},"end":{"line":103,"column":29}},"locations":[{"start":{"line":98,"column":28},"end":{"line":103,"column":29}}]}},"b":{"0":[6],"1":[6],"2":[1],"3":[1],"4":[1],"5":[3],"6":[2],"7":[1],"8":[2],"9":[1],"10":[2],"11":[4],"12":[4]},"fnMap":{"0":{"name":"create","decl":{"start":{"line":11,"column":4},"end":{"line":29,"column":5}},"loc":{"start":{"line":11,"column":4},"end":{"line":29,"column":5}},"line":11},"1":{"name":"update","decl":{"start":{"line":31,"column":4},"end":{"line":70,"column":5}},"loc":{"start":{"line":31,"column":4},"end":{"line":70,"column":5}},"line":31},"2":{"name":"find","decl":{"start":{"line":72,"column":4},"end":{"line":86,"column":5}},"loc":{"start":{"line":72,"column":4},"end":{"line":86,"column":5}},"line":72},"3":{"name":"findAll","decl":{"start":{"line":88,"column":4},"end":{"line":93,"column":5}},"loc":{"start":{"line":88,"column":4},"end":{"line":93,"column":5}},"line":88},"4":{"name":"mapModelToEntity","decl":{"start":{"line":95,"column":12},"end":{"line":107,"column":5}},"loc":{"start":{"line":95,"column":12},"end":{"line":107,"column":5}},"line":95}},"f":{"0":6,"1":1,"2":3,"3":1,"4":4}}
,"/mnt/d/Cursos (importante)/FullCycle/Desafios-FullCycle/FullCycle_DDD_Desafio1/src/infrastructure/repository/product.repository.ts": {"path":"/mnt/d/Cursos (importante)/FullCycle/Desafios-FullCycle/FullCycle_DDD_Desafio1/src/infrastructure/repository/product.repository.ts","all":false,"statementMap":{"0":{"start":{"line":1,"column":0},"end":{"line":1,"column":94}},"1":{"start":{"line":2,"column":0},"end":{"line":2,"column":50}},"2":{"start":{"line":3,"column":0},"end":{"line":3,"column":63}},"3":{"start":{"line":4,"column":0},"end":{"line":4,"column":0}},"4":{"start":{"line":5,"column":0},"end":{"line":5,"column":78}},"5":{"start":{"line":6,"column":0},"end":{"line":6,"column":0}},"6":{"start":{"line":7,"column":0},"end":{"line":7,"column":50}},"7":{"start":{"line":8,"column":0},"end":{"line":8,"column":35}},"8":{"start":{"line":9,"column":0},"end":{"line":9,"column":26}},"9":{"start":{"line":10,"column":0},"end":{"line":10,"column":30}},"10":{"start":{"line":11,"column":0},"end":{"line":11,"column":32}},"11":{"start":{"line":12,"column":0},"end":{"line":12,"column":11}},"12":{"start":{"line":13,"column":0},"end":{"line":13,"column":5}},"13":{"start":{"line":14,"column":0},"end":{"line":14,"column":0}},"14":{"start":{"line":15,"column":0},"end":{"line":15,"column":50}},"15":{"start":{"line":16,"column":0},"end":{"line":16,"column":34}},"16":{"start":{"line":17,"column":0},"end":{"line":17,"column":13}},"17":{"start":{"line":18,"column":0},"end":{"line":18,"column":34}},"18":{"start":{"line":19,"column":0},"end":{"line":19,"column":36}},"19":{"start":{"line":20,"column":0},"end":{"line":20,"column":14}},"20":{"start":{"line":21,"column":0},"end":{"line":21,"column":13}},"21":{"start":{"line":22,"column":0},"end":{"line":22,"column":24}},"22":{"start":{"line":23,"column":0},"end":{"line":23,"column":34}},"23":{"start":{"line":24,"column":0},"end":{"line":24,"column":18}},"24":{"start":{"line":25,"column":0},"end":{"line":25,"column":15}},"25":{"start":{"line":26,"column":0},"end":{"line":26,"column":5}},"26":{"start":{"line":27,"column":0},"end":{"line":27,"column":0}},"27":{"start":{"line":28,"column":0},"end":{"line":28,"column":46}},"28":{"start":{"line":29,"column":0},"end":{"line":29,"column":75}},"29":{"start":{"line":30,"column":0},"end":{"line":30,"column":83}},"30":{"start":{"line":31,"column":0},"end":{"line":31,"column":5}},"31":{"start":{"line":32,"column":0},"end":{"line":32,"column":0}},"32":{"start":{"line":33,"column":0},"end":{"line":33,"column":41}},"33":{"start":{"line":34,"column":0},"end":{"line":34,"column":59}},"34":{"start":{"line":35,"column":0},"end":{"line":35,"column":48}},"35":{"start":{"line":36,"column":0},"end":{"line":36,"column":81}},"36":{"start":{"line":37,"column":0},"end":{"line":37,"column":5}},"37":{"start":{"line":38,"column":0},"end":{"line":38,"column":0}},"38":{"start":{"line":39,"column":0},"end":{"line":39,"column":1}}},"s":{"0":1,"1":1,"2":1,"3":1,"4":1,"5":1,"6":1,"7":11,"8":11,"9":11,"10":11,"11":11,"12":11,"13":1,"14":1,"15":1,"16":1,"17":1,"18":1,"19":1,"20":1,"21":1,"22":1,"23":1,"24":1,"25":1,"26":1,"27":1,"28":0,"29":0,"30":0,"31":1,"32":1,"33":1,"34":1,"35":2,"36":1,"37":1,"38":1},"branchMap":{"0":{"type":"branch","line":7,"loc":{"start":{"line":7,"column":4},"end":{"line":13,"column":5}},"locations":[{"start":{"line":7,"column":4},"end":{"line":13,"column":5}}]},"1":{"type":"branch","line":15,"loc":{"start":{"line":15,"column":4},"end":{"line":26,"column":5}},"locations":[{"start":{"line":15,"column":4},"end":{"line":26,"column":5}}]},"2":{"type":"branch","line":33,"loc":{"start":{"line":33,"column":4},"end":{"line":37,"column":5}},"locations":[{"start":{"line":33,"column":4},"end":{"line":37,"column":5}}]},"3":{"type":"branch","line":35,"loc":{"start":{"line":35,"column":33},"end":{"line":36,"column":81}},"locations":[{"start":{"line":35,"column":33},"end":{"line":36,"column":81}}]}},"b":{"0":[11],"1":[1],"2":[1],"3":[2]},"fnMap":{"0":{"name":"create","decl":{"start":{"line":7,"column":4},"end":{"line":13,"column":5}},"loc":{"start":{"line":7,"column":4},"end":{"line":13,"column":5}},"line":7},"1":{"name":"update","decl":{"start":{"line":15,"column":4},"end":{"line":26,"column":5}},"loc":{"start":{"line":15,"column":4},"end":{"line":26,"column":5}},"line":15},"2":{"name":"find","decl":{"start":{"line":28,"column":4},"end":{"line":31,"column":5}},"loc":{"start":{"line":28,"column":4},"end":{"line":31,"column":5}},"line":28},"3":{"name":"findAll","decl":{"start":{"line":33,"column":4},"end":{"line":37,"column":5}},"loc":{"start":{"line":33,"column":4},"end":{"line":37,"column":5}},"line":33}},"f":{"0":11,"1":1,"2":0,"3":1}}
}
