TN:
SF:dist/entity/customer.js
FN:10,get name
FN:11,validate
FN:19,set Address
FN:22,changeName
FN:26,activate
FN:29,deactivate
FN:4,Customer
FNF:7
FNH:4
FNDA:1,get name
FNDA:3,validate
FNDA:0,set Address
FNDA:1,changeName
FNDA:0,activate
FNDA:0,deactivate
FNDA:2,Customer
DA:1,1
DA:2,1
DA:3,1
DA:4,1
DA:5,2
DA:6,2
DA:7,2
DA:8,2
DA:9,2
DA:10,1
DA:11,1
DA:12,3
DA:13,0
DA:14,0
DA:15,3
DA:16,1
DA:17,1
DA:18,3
DA:19,1
DA:20,0
DA:21,0
DA:22,1
DA:23,1
DA:24,1
DA:25,1
DA:26,1
DA:27,0
DA:28,0
DA:29,1
DA:30,0
DA:31,0
DA:32,1
DA:33,1
LF:33
LH:25
BRDA:10,0,0,1
BRDA:11,1,0,3
BRDA:12,2,0,0
BRDA:15,3,0,1
BRDA:22,4,0,1
BRDA:4,5,0,2
BRF:6
BRH:5
end_of_record
TN:
SF:src/domain/entity/address.ts
FN:8,get street
FN:9,get city
FN:10,get zip
FN:11,get number
FN:22,validate
FN:37,toString
FN:13,Address
FNF:7
FNH:6
FNDA:6,get street
FNDA:6,get city
FNDA:6,get zip
FNDA:6,get number
FNDA:6,validate
FNDA:0,toString
FNDA:6,Address
DA:1,1
DA:2,1
DA:3,1
DA:4,1
DA:5,1
DA:6,1
DA:7,1
DA:8,1
DA:9,1
DA:10,1
DA:11,1
DA:12,1
DA:13,1
DA:14,6
DA:15,6
DA:16,6
DA:17,6
DA:18,6
DA:19,6
DA:20,6
DA:21,1
DA:22,1
DA:23,6
DA:24,0
DA:25,0
DA:26,6
DA:27,0
DA:28,0
DA:29,6
DA:30,0
DA:31,0
DA:32,6
DA:33,0
DA:34,0
DA:35,6
DA:36,1
DA:37,1
DA:38,0
DA:39,0
DA:40,1
DA:41,1
LF:41
LH:31
BRDA:8,0,0,6
BRDA:9,1,0,6
BRDA:10,2,0,6
BRDA:11,3,0,6
BRDA:22,4,0,6
BRDA:23,5,0,0
BRDA:26,6,0,0
BRDA:29,7,0,0
BRDA:32,8,0,0
BRDA:13,9,0,6
BRF:10
BRH:6
end_of_record
TN:
SF:src/domain/entity/customer.ts
FN:12,get id
FN:13,get name
FN:14,get address
FN:15,get active
FN:16,get rewardPoints
FN:25,validate
FN:37,set changeAddress
FN:42,changeName
FN:47,isActive
FN:49,activate
FN:54,addRewardPoints
FN:58,deactivate
FN:18,Customer
FNF:13
FNH:13
FNDA:12,get id
FNDA:6,get name
FNDA:24,get address
FNDA:6,get active
FNDA:6,get rewardPoints
FNDA:12,validate
FNDA:6,set changeAddress
FNDA:1,changeName
FNDA:4,isActive
FNDA:3,activate
FNDA:2,addRewardPoints
FNDA:1,deactivate
FNDA:6,Customer
DA:1,1
DA:2,1
DA:3,1
DA:4,1
DA:5,1
DA:6,1
DA:7,1
DA:8,1
DA:9,1
DA:10,1
DA:11,1
DA:12,1
DA:13,1
DA:14,1
DA:15,1
DA:16,1
DA:17,1
DA:18,1
DA:19,6
DA:20,6
DA:21,6
DA:22,6
DA:23,6
DA:24,1
DA:25,1
DA:26,12
DA:27,0
DA:28,0
DA:29,12
DA:30,0
DA:31,0
DA:32,12
DA:33,0
DA:34,0
DA:35,12
DA:36,1
DA:37,1
DA:38,6
DA:39,6
DA:40,6
DA:41,1
DA:42,1
DA:43,1
DA:44,1
DA:45,1
DA:46,1
DA:47,1
DA:48,1
DA:49,1
DA:50,3
DA:51,3
DA:52,3
DA:53,1
DA:54,1
DA:55,2
DA:56,2
DA:57,1
DA:58,1
DA:59,1
DA:60,1
DA:61,1
DA:62,1
DA:63,1
LF:63
LH:57
BRDA:12,0,0,12
BRDA:13,1,0,6
BRDA:14,2,0,24
BRDA:15,3,0,6
BRDA:16,4,0,6
BRDA:25,5,0,12
BRDA:26,6,0,0
BRDA:29,7,0,0
BRDA:32,8,0,0
BRDA:32,9,0,0
BRDA:37,10,0,6
BRDA:42,11,0,1
BRDA:47,12,0,4
BRDA:49,13,0,3
BRDA:54,14,0,2
BRDA:58,15,0,1
BRDA:18,16,0,6
BRF:17
BRH:13
end_of_record
TN:
SF:src/domain/entity/order.ts
FN:9,get id
FN:10,get customerId
FN:11,get items
FN:12,get total
FN:24,validate
FN:16,Order
FNF:6
FNH:6
FNDA:20,get id
FNDA:10,get customerId
FNDA:26,get items
FNDA:10,get total
FNDA:10,validate
FNDA:10,Order
DA:1,1
DA:2,1
DA:3,1
DA:4,1
DA:5,1
DA:6,1
DA:7,1
DA:8,1
DA:9,1
DA:10,1
DA:11,1
DA:12,1
DA:13,10
DA:14,10
DA:15,1
DA:16,1
DA:17,10
DA:18,10
DA:19,10
DA:20,10
DA:21,10
DA:22,10
DA:23,1
DA:24,1
DA:25,10
DA:26,0
DA:27,0
DA:28,10
DA:29,0
DA:30,0
DA:31,10
DA:32,0
DA:33,0
DA:34,10
DA:35,10
DA:36,0
DA:37,0
DA:38,10
DA:39,1
DA:40,1
LF:40
LH:32
BRDA:9,0,0,20
BRDA:10,1,0,10
BRDA:11,2,0,26
BRDA:12,3,0,10
BRDA:13,4,0,10
BRDA:24,5,0,10
BRDA:25,6,0,0
BRDA:28,7,0,0
BRDA:31,8,0,0
BRDA:35,9,0,0
BRDA:35,10,0,10
BRDA:16,11,0,10
BRF:12
BRH:8
end_of_record
TN:
SF:src/domain/entity/order_item.ts
FN:20,get id
FN:21,get productId
FN:22,get name
FN:23,get price
FN:24,get totalOrder
FN:25,get quantity
FN:27,changeQuantity
FN:32,validate
FN:10,OrderItem
FNF:9
FNH:9
FNDA:10,get id
FNDA:10,get productId
FNDA:10,get name
FNDA:10,get price
FNDA:20,get totalOrder
FNDA:20,get quantity
FNDA:1,changeQuantity
FNDA:11,validate
FNDA:10,OrderItem
DA:1,1
DA:2,1
DA:3,1
DA:4,1
DA:5,1
DA:6,1
DA:7,1
DA:8,1
DA:9,1
DA:10,1
DA:11,10
DA:12,10
DA:13,10
DA:14,10
DA:15,10
DA:16,10
DA:17,10
DA:18,10
DA:19,1
DA:20,1
DA:21,1
DA:22,1
DA:23,1
DA:24,1
DA:25,1
DA:26,1
DA:27,1
DA:28,1
DA:29,1
DA:30,1
DA:31,1
DA:32,1
DA:33,11
DA:34,0
DA:35,0
DA:36,11
DA:37,0
DA:38,0
DA:39,11
DA:40,0
DA:41,0
DA:42,11
DA:43,0
DA:44,0
DA:45,11
DA:46,1
DA:47,1
LF:47
LH:39
BRDA:20,0,0,10
BRDA:21,1,0,10
BRDA:22,2,0,10
BRDA:23,3,0,10
BRDA:24,4,0,20
BRDA:25,5,0,20
BRDA:27,6,0,1
BRDA:32,7,0,11
BRDA:33,8,0,0
BRDA:36,9,0,0
BRDA:39,10,0,0
BRDA:42,11,0,0
BRDA:10,12,0,10
BRF:13
BRH:9
end_of_record
TN:
SF:src/domain/entity/product.ts
FN:14,get id
FN:15,get name
FN:16,get price
FN:18,changeName
FN:23,changePrice
FN:28,validate
FN:6,Product
FNF:7
FNH:7
FNDA:12,get id
FNDA:6,get name
FNDA:12,get price
FNDA:1,changeName
FNDA:1,changePrice
FNDA:6,validate
FNDA:6,Product
DA:1,1
DA:2,1
DA:3,1
DA:4,1
DA:5,1
DA:6,1
DA:7,6
DA:8,6
DA:9,6
DA:10,6
DA:11,6
DA:12,6
DA:13,1
DA:14,1
DA:15,1
DA:16,1
DA:17,1
DA:18,1
DA:19,1
DA:20,1
DA:21,1
DA:22,1
DA:23,1
DA:24,1
DA:25,1
DA:26,1
DA:27,1
DA:28,1
DA:29,6
DA:30,0
DA:31,0
DA:32,6
DA:33,0
DA:34,0
DA:35,6
DA:36,0
DA:37,0
DA:38,6
DA:39,1
LF:39
LH:33
BRDA:14,0,0,12
BRDA:15,1,0,6
BRDA:16,2,0,12
BRDA:18,3,0,1
BRDA:23,4,0,1
BRDA:28,5,0,6
BRDA:29,6,0,0
BRDA:32,7,0,0
BRDA:35,8,0,0
BRDA:6,9,0,6
BRF:10
BRH:7
end_of_record
TN:
SF:src/domain/service/order.service.ts
FN:8,total
FN:12,placeOrder
FNF:2
FNH:2
FNDA:1,total
FNDA:1,placeOrder
DA:1,1
DA:2,1
DA:3,1
DA:4,1
DA:5,1
DA:6,1
DA:7,1
DA:8,1
DA:9,1
DA:10,1
DA:11,1
DA:12,1
DA:13,1
DA:14,1
DA:15,0
DA:16,0
DA:17,1
DA:18,1
DA:19,1
DA:20,1
DA:21,1
DA:22,1
DA:23,1
DA:24,1
LF:24
LH:22
BRDA:8,0,0,1
BRDA:9,1,0,2
BRDA:12,2,0,1
BRDA:14,3,0,0
BRF:4
BRH:3
end_of_record
TN:
SF:src/domain/service/product.service.ts
FN:5,increasePrice
FNF:1
FNH:1
FNDA:1,increasePrice
DA:1,1
DA:2,1
DA:3,1
DA:4,1
DA:5,1
DA:6,1
DA:7,2
DA:8,2
DA:9,1
DA:10,1
DA:11,1
LF:11
LH:11
BRDA:5,0,0,1
BRDA:6,1,0,2
BRF:2
BRH:2
end_of_record
TN:
SF:src/infrastructure/db/sequelize/model/customer.model.ts
FNF:0
FNH:0
DA:1,1
DA:2,1
DA:3,1
DA:4,1
DA:5,1
DA:6,1
DA:7,1
DA:8,1
DA:9,1
DA:10,1
DA:11,1
DA:12,1
DA:13,1
DA:14,1
DA:15,1
DA:16,1
DA:17,1
DA:18,1
DA:19,1
DA:20,1
DA:21,1
DA:22,1
DA:23,1
DA:24,1
DA:25,1
DA:26,1
DA:27,1
DA:28,1
DA:29,1
DA:30,1
DA:31,1
DA:32,1
LF:32
LH:32
BRF:0
BRH:0
end_of_record
TN:
SF:src/infrastructure/db/sequelize/model/order.model.ts
FNF:0
FNH:0
DA:1,1
DA:2,1
DA:3,1
DA:4,1
DA:5,1
DA:6,1
DA:7,1
DA:8,1
DA:9,1
DA:10,1
DA:11,1
DA:12,1
DA:13,1
DA:14,1
DA:15,1
DA:16,1
DA:17,1
DA:18,1
DA:19,1
DA:20,1
DA:21,1
DA:22,1
DA:23,1
DA:24,1
DA:25,1
DA:26,1
DA:27,1
LF:27
LH:27
BRDA:19,0,0,0
BRDA:14,1,0,5
BRDA:18,2,0,16
BRDA:21,3,0,16
BRF:4
BRH:3
end_of_record
TN:
SF:src/infrastructure/db/sequelize/model/order_item.model.ts
FNF:0
FNH:0
DA:1,1
DA:2,1
DA:3,1
DA:4,1
DA:5,1
DA:6,1
DA:7,1
DA:8,1
DA:9,1
DA:10,1
DA:11,1
DA:12,1
DA:13,1
DA:14,1
DA:15,1
DA:16,1
DA:17,1
DA:18,1
DA:19,1
DA:20,1
DA:21,1
DA:22,1
DA:23,1
DA:24,1
DA:25,1
DA:26,1
DA:27,1
DA:28,1
DA:29,1
DA:30,1
DA:31,1
DA:32,1
DA:33,1
DA:34,1
DA:35,1
DA:36,1
DA:37,1
DA:38,1
DA:39,1
DA:40,1
DA:41,1
DA:42,1
DA:43,1
DA:44,1
DA:45,1
LF:45
LH:45
BRDA:20,0,0,0
BRDA:31,1,0,0
BRDA:15,2,0,25
BRDA:19,3,0,10
BRDA:26,4,0,10
BRDA:30,5,0,10
BRF:6
BRH:4
end_of_record
TN:
SF:src/infrastructure/db/sequelize/model/product.model.ts
FNF:0
FNH:0
DA:1,1
DA:2,1
DA:3,1
DA:4,1
DA:5,1
DA:6,1
DA:7,1
DA:8,1
DA:9,1
DA:10,1
DA:11,1
DA:12,1
DA:13,1
DA:14,1
DA:15,1
DA:16,1
DA:17,1
DA:18,1
LF:18
LH:18
BRF:0
BRH:0
end_of_record
TN:
SF:src/infrastructure/repository/customer.respository.ts
FN:8,create
FN:21,update
FN:37,find
FN:52,findAll
FN:57,mapModelToCustomer
FNF:5
FNH:5
FNDA:6,create
FNDA:1,update
FNDA:1,find
FNDA:1,findAll
FNDA:2,mapModelToCustomer
DA:1,1
DA:2,1
DA:3,1
DA:4,1
DA:5,1
DA:6,1
DA:7,1
DA:8,1
DA:9,6
DA:10,6
DA:11,6
DA:12,6
DA:13,6
DA:14,6
DA:15,6
DA:16,6
DA:17,6
DA:18,6
DA:19,6
DA:20,1
DA:21,1
DA:22,1
DA:23,1
DA:24,1
DA:25,1
DA:26,1
DA:27,1
DA:28,1
DA:29,1
DA:30,1
DA:31,1
DA:32,1
DA:33,1
DA:34,1
DA:35,1
DA:36,1
DA:37,1
DA:38,1
DA:39,1
DA:40,1
DA:41,1
DA:42,1
DA:43,1
DA:44,0
DA:45,1
DA:46,1
DA:47,1
DA:48,0
DA:49,0
DA:50,0
DA:51,1
DA:52,1
DA:53,1
DA:54,1
DA:55,1
DA:56,1
DA:57,1
DA:58,2
DA:59,2
DA:60,2
DA:61,2
DA:62,2
DA:63,2
DA:64,1
LF:64
LH:60
BRDA:8,0,0,6
BRDA:12,1,0,0
BRDA:13,2,0,0
BRDA:14,3,0,0
BRDA:15,4,0,0
BRDA:21,5,0,1
BRDA:24,6,0,0
BRDA:25,7,0,0
BRDA:26,8,0,0
BRDA:27,9,0,0
BRDA:37,10,0,1
BRDA:43,11,0,0
BRDA:47,12,0,0
BRDA:52,13,0,1
BRDA:54,14,0,2
BRDA:57,15,0,2
BRF:16
BRH:6
end_of_record
TN:
SF:src/infrastructure/repository/order.respository.ts
FN:11,create
FN:31,update
FN:72,find
FN:88,findAll
FN:95,mapModelToEntity
FNF:5
FNH:5
FNDA:6,create
FNDA:1,update
FNDA:3,find
FNDA:1,findAll
FNDA:4,mapModelToEntity
DA:1,1
DA:2,1
DA:3,1
DA:4,1
DA:5,1
DA:6,1
DA:7,1
DA:8,1
DA:9,1
DA:10,1
DA:11,1
DA:12,6
DA:13,6
DA:14,6
DA:15,6
DA:16,6
DA:17,6
DA:18,6
DA:19,6
DA:20,6
DA:21,6
DA:22,6
DA:23,6
DA:24,6
DA:25,6
DA:26,6
DA:27,6
DA:28,6
DA:29,6
DA:30,1
DA:31,1
DA:32,1
DA:33,1
DA:34,1
DA:35,1
DA:36,1
DA:37,1
DA:38,1
DA:39,1
DA:40,1
DA:41,1
DA:42,1
DA:43,1
DA:44,1
DA:45,1
DA:46,1
DA:47,1
DA:48,1
DA:49,1
DA:50,1
DA:51,1
DA:52,1
DA:53,1
DA:54,1
DA:55,1
DA:56,1
DA:57,1
DA:58,1
DA:59,1
DA:60,1
DA:61,1
DA:62,1
DA:63,1
DA:64,1
DA:65,1
DA:66,1
DA:67,1
DA:68,1
DA:69,1
DA:70,1
DA:71,1
DA:72,1
DA:73,3
DA:74,3
DA:75,3
DA:76,3
DA:77,3
DA:78,3
DA:79,3
DA:80,2
DA:81,3
DA:82,1
DA:83,1
DA:84,2
DA:85,2
DA:86,2
DA:87,1
DA:88,1
DA:89,1
DA:90,1
DA:91,1
DA:92,1
DA:93,1
DA:94,1
DA:95,1
DA:96,4
DA:97,4
DA:98,4
DA:99,4
DA:100,4
DA:101,4
DA:102,4
DA:103,4
DA:104,4
DA:105,4
DA:106,4
DA:107,4
DA:108,1
DA:109,1
LF:109
LH:109
BRDA:11,0,0,6
BRDA:16,1,0,6
BRDA:31,2,0,1
BRDA:33,3,0,1
BRDA:57,4,0,1
BRDA:72,5,0,3
BRDA:79,6,0,2
BRDA:81,7,0,1
BRDA:83,8,0,2
BRDA:88,9,0,1
BRDA:92,10,0,2
BRDA:95,11,0,4
BRDA:98,12,0,4
BRF:13
BRH:13
end_of_record
TN:
SF:src/infrastructure/repository/product.repository.ts
FN:7,create
FN:15,update
FN:28,find
FN:33,findAll
FNF:4
FNH:3
FNDA:6,create
FNDA:1,update
FNDA:0,find
FNDA:1,findAll
DA:1,1
DA:2,1
DA:3,1
DA:4,1
DA:5,1
DA:6,1
DA:7,1
DA:8,6
DA:9,6
DA:10,6
DA:11,6
DA:12,6
DA:13,6
DA:14,1
DA:15,1
DA:16,1
DA:17,1
DA:18,1
DA:19,1
DA:20,1
DA:21,1
DA:22,1
DA:23,1
DA:24,1
DA:25,1
DA:26,1
DA:27,1
DA:28,1
DA:29,0
DA:30,0
DA:31,0
DA:32,1
DA:33,1
DA:34,1
DA:35,1
DA:36,2
DA:37,1
DA:38,1
DA:39,1
LF:39
LH:36
BRDA:7,0,0,6
BRDA:15,1,0,1
BRDA:33,2,0,1
BRDA:35,3,0,2
BRF:4
BRH:4
end_of_record
